#
# There is insufficient memory for the Java Runtime Environment to continue.
# Native memory allocation (malloc) failed to allocate 501776 bytes for Chunk::new
# Possible reasons:
#   The system is out of physical RAM or swap space
#   In 32 bit mode, the process size limit was hit
# Possible solutions:
#   Reduce memory load on the system
#   Increase physical memory or swap space
#   Check if swap backing store is full
#   Use 64 bit Java on a 64 bit OS
#   Decrease Java heap size (-Xmx/-Xms)
#   Decrease number of Java threads
#   Decrease Java thread stack sizes (-Xss)
#   Set larger code cache with -XX:ReservedCodeCacheSize=
# This output file may be truncated or incomplete.
#
#  Out of Memory Error (allocation.cpp:390), pid=7880, tid=9960
#
# JRE version: Java(TM) SE Runtime Environment (8.0_91-b15) (build 1.8.0_91-b15)
# Java VM: Java HotSpot(TM) 64-Bit Server VM (25.91-b15 mixed mode windows-amd64 compressed oops)
# Failed to write core dump. Minidumps are not enabled by default on client versions of Windows
#

---------------  T H R E A D  ---------------

Current thread (0x00000000148bd800):  JavaThread "C2 CompilerThread0" daemon [_thread_in_native, id=9960, stack(0x0000000015f40000,0x0000000016040000)]

Stack: [0x0000000015f40000,0x0000000016040000]
[error occurred during error reporting (printing stack bounds), id 0xc0000005]

Native frames: (J=compiled Java code, j=interpreted, Vv=VM code, C=native code)


Current CompileTask:
C2:  10596 1379       4       com.android.dx.cf.code.Simulator$SimVisitor::visitNoArgs (2136 bytes)


---------------  P R O C E S S  ---------------

Java Threads: ( => current thread )
  0x000000001638b000 JavaThread "pool-2-thread-4" [_thread_in_Java, id=596, stack(0x0000000016c40000,0x0000000016d40000)]
  0x0000000016380800 JavaThread "pool-2-thread-3" [_thread_blocked, id=8072, stack(0x0000000016b40000,0x0000000016c40000)]
  0x0000000016275000 JavaThread "pool-2-thread-2" [_thread_in_Java, id=14968, stack(0x0000000016a40000,0x0000000016b40000)]
  0x000000001626d800 JavaThread "pool-3-thread-1" [_thread_blocked, id=1448, stack(0x0000000016940000,0x0000000016a40000)]
  0x000000001626d000 JavaThread "pool-2-thread-1" [_thread_blocked, id=3152, stack(0x0000000016840000,0x0000000016940000)]
  0x0000000014917800 JavaThread "Service Thread" daemon [_thread_blocked, id=1184, stack(0x0000000016640000,0x0000000016740000)]
  0x0000000016148800 JavaThread "C1 CompilerThread2" daemon [_thread_blocked, id=6076, stack(0x0000000016540000,0x0000000016640000)]
  0x0000000014914000 JavaThread "C2 CompilerThread1" daemon [_thread_in_native, id=5512, stack(0x0000000016040000,0x0000000016140000)]
=>0x00000000148bd800 JavaThread "C2 CompilerThread0" daemon [_thread_in_native, id=9960, stack(0x0000000015f40000,0x0000000016040000)]
  0x00000000148bb800 JavaThread "Attach Listener" daemon [_thread_blocked, id=8280, stack(0x0000000015e40000,0x0000000015f40000)]
  0x00000000021ee000 JavaThread "Signal Dispatcher" daemon [_thread_blocked, id=11320, stack(0x0000000015d40000,0x0000000015e40000)]
  0x00000000148aa800 JavaThread "Finalizer" daemon [_thread_blocked, id=7668, stack(0x0000000015b30000,0x0000000015c30000)]
  0x00000000021e0000 JavaThread "Reference Handler" daemon [_thread_blocked, id=12428, stack(0x0000000015a30000,0x0000000015b30000)]
  0x0000000001fed800 JavaThread "main" [_thread_in_native, id=14304, stack(0x0000000001ee0000,0x0000000001fe0000)]

Other Threads:
  0x0000000014887800 VMThread [stack: 0x0000000015930000,0x0000000015a30000] [id=9008]
  0x0000000014918000 WatcherThread [stack: 0x0000000016740000,0x0000000016840000] [id=9912]

VM state:not at safepoint (normal execution)

VM Mutex/Monitor currently owned by a thread: None

Heap:
 PSYoungGen      total 68096K, used 15633K [0x00000000eab00000, 0x00000000ef000000, 0x0000000100000000)
  eden space 65536K, 23% used [0x00000000eab00000,0x00000000eba44430,0x00000000eeb00000)
  from space 2560K, 0% used [0x00000000eeb00000,0x00000000eeb00000,0x00000000eed80000)
  to   space 2560K, 0% used [0x00000000eed80000,0x00000000eed80000,0x00000000ef000000)
 ParOldGen       total 78848K, used 27218K [0x00000000c0000000, 0x00000000c4d00000, 0x00000000eab00000)
  object space 78848K, 34% used [0x00000000c0000000,0x00000000c1a94a88,0x00000000c4d00000)
 Metaspace       used 5857K, capacity 6960K, committed 7040K, reserved 1056768K
  class space    used 581K, capacity 616K, committed 640K, reserved 1048576K

Card table byte_map: [0x00000000115b0000,0x00000000117c0000] byte_map_base: 0x0000000010fb0000

Marking Bits: (ParMarkBitMap*) 0x0000000072512f70
 Begin Bits: [0x0000000011d20000, 0x0000000012d20000)
 End Bits:   [0x0000000012d20000, 0x0000000013d20000)

Polling page: 0x0000000000710000

CodeCache: size=245760Kb used=6618Kb max_used=6618Kb free=239141Kb
 bounds [0x00000000021f0000, 0x0000000002870000, 0x00000000111f0000]
 total_blobs=1720 nmethods=1458 adapters=175
 compilation: enabled

Compilation events (10 events):
Event: 9.659 Thread 0x0000000014914000 nmethod 1392 0x000000000280a0d0 code [0x000000000280a220, 0x000000000280a498]
Event: 9.659 Thread 0x0000000014914000 1393       4       com.android.dx.ssa.back.SsaToRop$PhiVisitor::<init> (10 bytes)
Event: 9.660 Thread 0x0000000014914000 nmethod 1393 0x00000000026f7e90 code [0x00000000026f7fc0, 0x00000000026f8038]
Event: 9.660 Thread 0x0000000014914000 1397       4       com.android.dx.ssa.SsaBasicBlock::scheduleMovesFromPhis (108 bytes)
Event: 9.661 Thread 0x0000000014914000 nmethod 1397 0x00000000027fce90 code [0x00000000027fcfc0, 0x00000000027fd078]
Event: 9.661 Thread 0x0000000014914000 1387       4       com.android.dx.ssa.PhiInsn::predBlockIndexForSourcesIndex (15 bytes)
Event: 9.663 Thread 0x0000000014914000 nmethod 1387 0x000000000280a6d0 code [0x000000000280a820, 0x000000000280a918]
Event: 9.663 Thread 0x0000000014914000 1383       4       com.android.dx.rop.code.BasicBlockList$RegCountVisitor::visitThrowingCstInsn (6 bytes)
Event: 9.670 Thread 0x0000000014914000 nmethod 1383 0x000000000280aad0 code [0x000000000280ac20, 0x000000000280ae98]
Event: 9.709 Thread 0x0000000014914000 1400 %     4       com.android.dx.ssa.SsaMethod::forEachBlockDepthFirst @ 129 (194 bytes)

GC Heap History (10 events):
Event: 4.263 GC heap before
{Heap before GC invocations=1 (full 0):
 PSYoungGen      total 18944K, used 16384K [0x00000000eab00000, 0x00000000ec000000, 0x0000000100000000)
  eden space 16384K, 100% used [0x00000000eab00000,0x00000000ebb00000,0x00000000ebb00000)
  from space 2560K, 0% used [0x00000000ebd80000,0x00000000ebd80000,0x00000000ec000000)
  to   space 2560K, 0% used [0x00000000ebb00000,0x00000000ebb00000,0x00000000ebd80000)
 ParOldGen       total 44032K, used 0K [0x00000000c0000000, 0x00000000c2b00000, 0x00000000eab00000)
  object space 44032K, 0% used [0x00000000c0000000,0x00000000c0000000,0x00000000c2b00000)
 Metaspace       used 5591K, capacity 6704K, committed 6784K, reserved 1056768K
  class space    used 577K, capacity 616K, committed 640K, reserved 1048576K
Event: 4.380 GC heap after
Heap after GC invocations=1 (full 0):
 PSYoungGen      total 18944K, used 2538K [0x00000000eab00000, 0x00000000ed000000, 0x0000000100000000)
  eden space 16384K, 0% used [0x00000000eab00000,0x00000000eab00000,0x00000000ebb00000)
  from space 2560K, 99% used [0x00000000ebb00000,0x00000000ebd7a908,0x00000000ebd80000)
  to   space 2560K, 0% used [0x00000000ecd80000,0x00000000ecd80000,0x00000000ed000000)
 ParOldGen       total 44032K, used 2860K [0x00000000c0000000, 0x00000000c2b00000, 0x00000000eab00000)
  object space 44032K, 6% used [0x00000000c0000000,0x00000000c02cb288,0x00000000c2b00000)
 Metaspace       used 5591K, capacity 6704K, committed 6784K, reserved 1056768K
  class space    used 577K, capacity 616K, committed 640K, reserved 1048576K
}
Event: 6.490 GC heap before
{Heap before GC invocations=2 (full 0):
 PSYoungGen      total 18944K, used 18922K [0x00000000eab00000, 0x00000000ed000000, 0x0000000100000000)
  eden space 16384K, 100% used [0x00000000eab00000,0x00000000ebb00000,0x00000000ebb00000)
  from space 2560K, 99% used [0x00000000ebb00000,0x00000000ebd7a908,0x00000000ebd80000)
  to   space 2560K, 0% used [0x00000000ecd80000,0x00000000ecd80000,0x00000000ed000000)
 ParOldGen       total 44032K, used 2860K [0x00000000c0000000, 0x00000000c2b00000, 0x00000000eab00000)
  object space 44032K, 6% used [0x00000000c0000000,0x00000000c02cb288,0x00000000c2b00000)
 Metaspace       used 5685K, capacity 6768K, committed 7040K, reserved 1056768K
  class space    used 579K, capacity 616K, committed 640K, reserved 1048576K
Event: 6.589 GC heap after
Heap after GC invocations=2 (full 0):
 PSYoungGen      total 35328K, used 2538K [0x00000000eab00000, 0x00000000ed000000, 0x0000000100000000)
  eden space 32768K, 0% used [0x00000000eab00000,0x00000000eab00000,0x00000000ecb00000)
  from space 2560K, 99% used [0x00000000ecd80000,0x00000000ecffab08,0x00000000ed000000)
  to   space 2560K, 0% used [0x00000000ecb00000,0x00000000ecb00000,0x00000000ecd80000)
 ParOldGen       total 44032K, used 10986K [0x00000000c0000000, 0x00000000c2b00000, 0x00000000eab00000)
  object space 44032K, 24% used [0x00000000c0000000,0x00000000c0aba838,0x00000000c2b00000)
 Metaspace       used 5685K, capacity 6768K, committed 7040K, reserved 1056768K
  class space    used 579K, capacity 616K, committed 640K, reserved 1048576K
}
Event: 7.268 GC heap before
{Heap before GC invocations=3 (full 0):
 PSYoungGen      total 35328K, used 35306K [0x00000000eab00000, 0x00000000ed000000, 0x0000000100000000)
  eden space 32768K, 100% used [0x00000000eab00000,0x00000000ecb00000,0x00000000ecb00000)
  from space 2560K, 99% used [0x00000000ecd80000,0x00000000ecffab08,0x00000000ed000000)
  to   space 2560K, 0% used [0x00000000ecb00000,0x00000000ecb00000,0x00000000ecd80000)
 ParOldGen       total 44032K, used 10986K [0x00000000c0000000, 0x00000000c2b00000, 0x00000000eab00000)
  object space 44032K, 24% used [0x00000000c0000000,0x00000000c0aba838,0x00000000c2b00000)
 Metaspace       used 5740K, capacity 6832K, committed 7040K, reserved 1056768K
  class space    used 580K, capacity 616K, committed 640K, reserved 1048576K
Event: 7.343 GC heap after
Heap after GC invocations=3 (full 0):
 PSYoungGen      total 35328K, used 2529K [0x00000000eab00000, 0x00000000ef000000, 0x0000000100000000)
  eden space 32768K, 0% used [0x00000000eab00000,0x00000000eab00000,0x00000000ecb00000)
  from space 2560K, 98% used [0x00000000ecb00000,0x00000000ecd78708,0x00000000ecd80000)
  to   space 2560K, 0% used [0x00000000eed80000,0x00000000eed80000,0x00000000ef000000)
 ParOldGen       total 44032K, used 24545K [0x00000000c0000000, 0x00000000c2b00000, 0x00000000eab00000)
  object space 44032K, 55% used [0x00000000c0000000,0x00000000c17f8688,0x00000000c2b00000)
 Metaspace       used 5740K, capacity 6832K, committed 7040K, reserved 1056768K
  class space    used 580K, capacity 616K, committed 640K, reserved 1048576K
}
Event: 8.280 GC heap before
{Heap before GC invocations=4 (full 0):
 PSYoungGen      total 35328K, used 35297K [0x00000000eab00000, 0x00000000ef000000, 0x0000000100000000)
  eden space 32768K, 100% used [0x00000000eab00000,0x00000000ecb00000,0x00000000ecb00000)
  from space 2560K, 98% used [0x00000000ecb00000,0x00000000ecd78708,0x00000000ecd80000)
  to   space 2560K, 0% used [0x00000000eed80000,0x00000000eed80000,0x00000000ef000000)
 ParOldGen       total 44032K, used 24545K [0x00000000c0000000, 0x00000000c2b00000, 0x00000000eab00000)
  object space 44032K, 55% used [0x00000000c0000000,0x00000000c17f8688,0x00000000c2b00000)
 Metaspace       used 5759K, capacity 6832K, committed 7040K, reserved 1056768K
  class space    used 581K, capacity 616K, committed 640K, reserved 1048576K
Event: 8.394 GC heap after
Heap after GC invocations=4 (full 0):
 PSYoungGen      total 68096K, used 2544K [0x00000000eab00000, 0x00000000ef000000, 0x0000000100000000)
  eden space 65536K, 0% used [0x00000000eab00000,0x00000000eab00000,0x00000000eeb00000)
  from space 2560K, 99% used [0x00000000eed80000,0x00000000eeffc080,0x00000000ef000000)
  to   space 2560K, 0% used [0x00000000eeb00000,0x00000000eeb00000,0x00000000eed80000)
 ParOldGen       total 44032K, used 36852K [0x00000000c0000000, 0x00000000c2b00000, 0x00000000eab00000)
  object space 44032K, 83% used [0x00000000c0000000,0x00000000c23fd368,0x00000000c2b00000)
 Metaspace       used 5759K, capacity 6832K, committed 7040K, reserved 1056768K
  class space    used 581K, capacity 616K, committed 640K, reserved 1048576K
}
Event: 8.394 GC heap before
{Heap before GC invocations=5 (full 1):
 PSYoungGen      total 68096K, used 2544K [0x00000000eab00000, 0x00000000ef000000, 0x0000000100000000)
  eden space 65536K, 0% used [0x00000000eab00000,0x00000000eab00000,0x00000000eeb00000)
  from space 2560K, 99% used [0x00000000eed80000,0x00000000eeffc080,0x00000000ef000000)
  to   space 2560K, 0% used [0x00000000eeb00000,0x00000000eeb00000,0x00000000eed80000)
 ParOldGen       total 44032K, used 36852K [0x00000000c0000000, 0x00000000c2b00000, 0x00000000eab00000)
  object space 44032K, 83% used [0x00000000c0000000,0x00000000c23fd368,0x00000000c2b00000)
 Metaspace       used 5759K, capacity 6832K, committed 7040K, reserved 1056768K
  class space    used 581K, capacity 616K, committed 640K, reserved 1048576K
Event: 9.235 GC heap after
Heap after GC invocations=5 (full 1):
 PSYoungGen      total 68096K, used 0K [0x00000000eab00000, 0x00000000ef000000, 0x0000000100000000)
  eden space 65536K, 0% used [0x00000000eab00000,0x00000000eab00000,0x00000000eeb00000)
  from space 2560K, 0% used [0x00000000eed80000,0x00000000eed80000,0x00000000ef000000)
  to   space 2560K, 0% used [0x00000000eeb00000,0x00000000eeb00000,0x00000000eed80000)
 ParOldGen       total 78848K, used 34865K [0x00000000c0000000, 0x00000000c4d00000, 0x00000000eab00000)
  object space 78848K, 44% used [0x00000000c0000000,0x00000000c220c688,0x00000000c4d00000)
 Metaspace       used 5759K, capacity 6832K, committed 7040K, reserved 1056768K
  class space    used 581K, capacity 616K, committed 640K, reserved 1048576K
}

Deoptimization events (10 events):
Event: 7.520 Thread 0x0000000001fed800 Uncommon trap: reason=bimorphic action=maybe_recompile pc=0x0000000002621e34 method=com.android.dx.cf.code.BytecodeArray.parseInstruction(ILcom/android/dx/cf/code/BytecodeArray$Visitor;)I @ 1224
Event: 7.520 Thread 0x0000000001fed800 Uncommon trap: reason=bimorphic action=maybe_recompile pc=0x0000000002621ad4 method=com.android.dx.cf.code.BytecodeArray.parseInstruction(ILcom/android/dx/cf/code/BytecodeArray$Visitor;)I @ 923
Event: 7.520 Thread 0x0000000001fed800 Uncommon trap: reason=bimorphic action=maybe_recompile pc=0x0000000002621e34 method=com.android.dx.cf.code.BytecodeArray.parseInstruction(ILcom/android/dx/cf/code/BytecodeArray$Visitor;)I @ 1224
Event: 7.523 Thread 0x0000000001fed800 Uncommon trap: reason=unstable_if action=reinterpret pc=0x00000000026992e4 method=com.android.dx.cf.code.OneLocalsArray.<init>(I)V @ 2
Event: 7.523 Thread 0x0000000001fed800 Uncommon trap: reason=unstable_if action=reinterpret pc=0x000000000264af64 method=com.android.dx.cf.code.RopperMachine.run(Lcom/android/dx/cf/code/Frame;II)V @ 1500
Event: 7.523 Thread 0x0000000001fed800 Uncommon trap: reason=unstable_if action=reinterpret pc=0x0000000002659f10 method=com.android.dx.cf.code.OneLocalsArray.<init>(I)V @ 2
Event: 9.287 Thread 0x0000000016275000 Uncommon trap: reason=class_check action=maybe_recompile pc=0x000000000256c27c method=com.android.dx.ssa.NormalSsaInsn.accept(Lcom/android/dx/ssa/SsaInsn$Visitor;)V @ 9
Event: 9.287 Thread 0x0000000016275000 Uncommon trap: reason=class_check action=maybe_recompile pc=0x000000000256c27c method=com.android.dx.ssa.NormalSsaInsn.accept(Lcom/android/dx/ssa/SsaInsn$Visitor;)V @ 9
Event: 9.288 Thread 0x0000000016275000 Uncommon trap: reason=class_check action=maybe_recompile pc=0x000000000256c27c method=com.android.dx.ssa.NormalSsaInsn.accept(Lcom/android/dx/ssa/SsaInsn$Visitor;)V @ 9
Event: 9.288 Thread 0x0000000016275000 Uncommon trap: reason=class_check action=maybe_recompile pc=0x0000000002554d38 method=com.android.dx.ssa.NormalSsaInsn.accept(Lcom/android/dx/ssa/SsaInsn$Visitor;)V @ 9

Internal exceptions (4 events):
Event: 0.602 Thread 0x0000000001fed800 Exception <a 'java/lang/NoSuchMethodError': Method sun.misc.Unsafe.defineClass(Ljava/lang/String;[BII)Ljava/lang/Class; name or signature does not match> (0x00000000eab07cc0) thrown at [C:\re\workspace\8-2-build-windows-amd64-cygwin\jdk8u91\7017\hotspot\sr“ËØŒHã?
Event: 0.603 Thread 0x0000000001fed800 Exception <a 'java/lang/NoSuchMethodError': Method sun.misc.Unsafe.prefetchRead(Ljava/lang/Object;J)V name or signature does not match> (0x00000000eab07fa8) thrown at [C:\re\workspace\8-2-build-windows-amd64-cygwin\jdk8u91\7017\hotspot\src\share\vm\prims\jçöƒ^ðz@
Event: 4.120 Thread 0x000000001638b000 Implicit null exception at 0x00000000024c4e3c to 0x00000000024c6519
Event: 4.431 Thread 0x000000001638b000 Implicit null exception at 0x0000000002549dc5 to 0x000000000254b54d

Events (10 events):
Event: 9.288 Thread 0x0000000016275000 DEOPT PACKING pc=0x0000000002554d38 sp=0x0000000016b3e380
Event: 9.288 Thread 0x0000000016275000 DEOPT UNPACKING pc=0x000000000223582a sp=0x0000000016b3e360 mode 2
Event: 9.292 Thread 0x0000000016275000 DEOPT PACKING pc=0x00000000024bd1a1 sp=0x0000000016b3e480
Event: 9.292 Thread 0x0000000016275000 DEOPT UNPACKING pc=0x000000000223787f sp=0x0000000016b3e1f0 mode 0
Event: 9.518 Thread 0x0000000001fed800 DEOPT PACKING pc=0x000000000266ddd0 sp=0x0000000001fddd20
Event: 9.518 Thread 0x0000000001fed800 DEOPT UNPACKING pc=0x000000000223787f sp=0x0000000001fddab8 mode 0
Event: 9.536 Thread 0x0000000016275000 DEOPT PACKING pc=0x00000000025c0e6b sp=0x0000000016b3e860
Event: 9.536 Thread 0x0000000016275000 DEOPT UNPACKING pc=0x000000000223787f sp=0x0000000016b3e630 mode 0
Event: 9.583 Thread 0x000000001626d000 DEOPT PACKING pc=0x00000000026e100d sp=0x000000001693eaa0
Event: 9.583 Thread 0x000000001626d000 DEOPT UNPACKING pc=0x000000000223787f sp=0x000000001693e7a0 mode 0


Dynamic libraries:
0x00007ff6784a0000 - 0x00007ff6784d7000 	C:\Program Files\Java\jdk1.8.0_91\bin\java.exe
0x00007ff8436f0000 - 0x00007ff8438c1000 	C:\WINDOWS\SYSTEM32\ntdll.dll
0x00007ff8428b0000 - 0x00007ff84295b000 	C:\WINDOWS\System32\KERNEL32.DLL
0x00007ff8402c0000 - 0x00007ff8404dd000 	C:\WINDOWS\System32\KERNELBASE.dll
0x00007ff8435d0000 - 0x00007ff843672000 	C:\WINDOWS\System32\ADVAPI32.dll
0x00007ff842290000 - 0x00007ff84232e000 	C:\WINDOWS\System32\msvcrt.dll
0x00007ff843690000 - 0x00007ff8436e9000 	C:\WINDOWS\System32\sechost.dll
0x00007ff842e40000 - 0x00007ff842f61000 	C:\WINDOWS\System32\RPCRT4.dll
0x00007ff8424e0000 - 0x00007ff842645000 	C:\WINDOWS\System32\USER32.dll
0x00007ff8409d0000 - 0x00007ff8409ee000 	C:\WINDOWS\System32\win32u.dll
0x00007ff843420000 - 0x00007ff843454000 	C:\WINDOWS\System32\GDI32.dll
0x00007ff8404e0000 - 0x00007ff840662000 	C:\WINDOWS\System32\gdi32full.dll
0x00007ff838f00000 - 0x00007ff839179000 	C:\WINDOWS\WinSxS\amd64_microsoft.windows.common-controls_6595b64144ccf1df_6.0.14393.447_none_42191651c6827bb3\COMCTL32.dll
0x00007ff842960000 - 0x00007ff842c28000 	C:\WINDOWS\System32\combase.dll
0x00007ff840830000 - 0x00007ff840925000 	C:\WINDOWS\System32\ucrtbase.dll
0x00007ff840bc0000 - 0x00007ff840c2a000 	C:\WINDOWS\System32\bcryptPrimitives.dll
0x00007ff842e10000 - 0x00007ff842e3e000 	C:\WINDOWS\System32\IMM32.DLL
0x00000000716a0000 - 0x0000000071772000 	C:\Program Files\Java\jdk1.8.0_91\jre\bin\msvcr100.dll
0x0000000071d00000 - 0x0000000072593000 	C:\Program Files\Java\jdk1.8.0_91\jre\bin\server\jvm.dll
0x00007ff842da0000 - 0x00007ff842da8000 	C:\WINDOWS\System32\PSAPI.DLL
0x00007ff8365a0000 - 0x00007ff8365a9000 	C:\WINDOWS\SYSTEM32\WSOCK32.dll
0x00007ff843460000 - 0x00007ff8434ca000 	C:\WINDOWS\System32\WS2_32.dll
0x00007ff83e010000 - 0x00007ff83e033000 	C:\WINDOWS\SYSTEM32\WINMM.dll
0x00007ff831820000 - 0x00007ff83182a000 	C:\WINDOWS\SYSTEM32\VERSION.dll
0x00007ff83dfb0000 - 0x00007ff83dfdb000 	C:\WINDOWS\SYSTEM32\WINMMBASE.dll
0x00007ff840c30000 - 0x00007ff840c72000 	C:\WINDOWS\System32\cfgmgr32.dll
0x00000000729c0000 - 0x00000000729cf000 	C:\Program Files\Java\jdk1.8.0_91\jre\bin\verify.dll
0x0000000072640000 - 0x0000000072669000 	C:\Program Files\Java\jdk1.8.0_91\jre\bin\java.dll
0x0000000072620000 - 0x0000000072636000 	C:\Program Files\Java\jdk1.8.0_91\jre\bin\zip.dll
0x00007ff840ce0000 - 0x00007ff8421e9000 	C:\WINDOWS\System32\SHELL32.dll
0x00007ff83fbe0000 - 0x00007ff8402ba000 	C:\WINDOWS\System32\windows.storage.dll
0x00007ff83fb50000 - 0x00007ff83fb9c000 	C:\WINDOWS\System32\powrprof.dll
0x00007ff840c80000 - 0x00007ff840cd2000 	C:\WINDOWS\System32\shlwapi.dll
0x00007ff83fbd0000 - 0x00007ff83fbdf000 	C:\WINDOWS\System32\kernel.appcore.dll
0x00007ff8406d0000 - 0x00007ff840779000 	C:\WINDOWS\System32\shcore.dll
0x00007ff83fba0000 - 0x00007ff83fbb4000 	C:\WINDOWS\System32\profapi.dll

VM Arguments:
jvm_args: -Djava.awt.headless=true -Xmx1024M -Dfile.encoding=windows-1252 -Duser.country=MX -Duser.language=es -Duser.variant 
java_command: com.android.dx.command.Main --dex --force-jumbo --num-threads=4 --multi-dex --output C:\Users\mm\Documents\GestorParqueos\app\build\intermediates\transforms\dex\debug\folders\1000\5\slice_3 C:\Users\mm\Documents\GestorParqueos\app\build\intermediates\transforms\instantRunSlicer\debug\folders\1\5\slice_3
java_class_path (initial): C:\Users\mm\AppData\Local\Android\sdk\build-tools\24.0.3\lib\dx.jar
Launcher Type: SUN_STANDARD

Environment Variables:
JAVA_HOME=C:\Program Files\Java\jdk1.8.0_91
PATH=C:\ProgramData\Oracle\Java\javapath;C:\Program Files (x86)\Intel\iCLS Client\;C:\Program Files\Intel\iCLS Client\;C:\WINDOWS\system32;C:\WINDOWS;C:\WINDOWS\System32\Wbem;C:\WINDOWS\System32\WindowsPowerShell\v1.0\;C:\Program Files (x86)\Windows Live\Shared;C:\Program Files\Intel\Intel(R) Management Engine Components\DAL;C:\Program Files\Intel\Intel(R) Management Engine Components\IPT;C:\Program Files (x86)\Intel\Intel(R) Management Engine Components\DAL;C:\Program Files (x86)\Intel\Intel(R) Management Engine Components\IPT;C:\Program Files (x86)\Intel\OpenCL SDK\2.0\bin\x86;C:\Program Files (x86)\Intel\OpenCL SDK\2.0\bin\x64;C:\Program Files\Intel\WiFi\bin\;C:\Program Files\Common Files\Intel\WirelessCommon\;c:\Program Files (x86)\Microsoft SQL Server\100\Tools\Binn\VSShell\Common7\IDE\;c:\Program Files (x86)\Microsoft SQL Server\100\Tools\Binn\;c:\Program Files (x86)\Microsoft SQL Server\100\DTS\Binn\;C:\Program Files\Microsoft SQL Server\110\Tools\Binn\;C:\Program Files (x86)\Microsoft SDKs\TypeScript\1.0\;C:\Program Files\Microsoft SQL Server\120\Tools\Binn\;C:\MinGW\bin;C:\xampp\php;C:\ProgramData\ComposerSetup\bin;C:\WINDOWS\system32\config\systemprofile\.dnx\bin;C:\Program Files\Microsoft DNX\Dnvm\;C:\Program Files\Microsoft SQL Server\130\Tools\Binn\;C:\Program Files\Git\cmd;C:\Program Files (x86)\Skype\Phone\;C:\Program Files (x86)\Windows Kits\10\Windows Performance Toolkit\;C:\Program Files (x86)\nodejs\;C:\Users\mm\AppData\Roaming\Composer\vendor\binC:\Program Files (x86)\Java\jdk1.8.0_45;C:\Users\mm\AppData\Local\Microsoft\WindowsApps;C:\Users\mm\AppData\Roaming\npm
USERNAME=mm
OS=Windows_NT
PROCESSOR_IDENTIFIER=Intel64 Family 6 Model 58 Stepping 9, GenuineIntel



---------------  S Y S T E M  ---------------

OS: Windows 10.0 , 64 bit Build 14393 (10.0.14393.0)

CPU:total 4 (2 cores per cpu, 2 threads per core) family 6 model 58 stepping 9, cmov, cx8, fxsr, mmx, sse, sse2, sse3, ssse3, sse4.1, sse4.2, popcnt, avx, clmul, erms, ht, tsc, tscinvbit, tscinv

Memory: 4k page, physical 4081596k(457804k free), swap 8177596k(481392k free)

vm_info: Java HotSpot(TM) 64-Bit Server VM (25.91-b15) for windows-amd64 JRE (1.8.0_91-b15), built on May 20 2016 17:43:15 by "java_re" with MS VC++ 10.0 (VS2010)

time: Wed Dec 21 21:19:53 2016
elapsed time: 12 seconds (0d 0h 0m 12s)

