#
# There is insufficient memory for the Java Runtime Environment to continue.
# Native memory allocation (malloc) failed to allocate 65552 bytes for Chunk::new
# Possible reasons:
#   The system is out of physical RAM or swap space
#   In 32 bit mode, the process size limit was hit
# Possible solutions:
#   Reduce memory load on the system
#   Increase physical memory or swap space
#   Check if swap backing store is full
#   Use 64 bit Java on a 64 bit OS
#   Decrease Java heap size (-Xmx/-Xms)
#   Decrease number of Java threads
#   Decrease Java thread stack sizes (-Xss)
#   Set larger code cache with -XX:ReservedCodeCacheSize=
# This output file may be truncated or incomplete.
#
#  Out of Memory Error (allocation.cpp:390), pid=12968, tid=9692
#
# JRE version: Java(TM) SE Runtime Environment (8.0_91-b15) (build 1.8.0_91-b15)
# Java VM: Java HotSpot(TM) 64-Bit Server VM (25.91-b15 mixed mode windows-amd64 compressed oops)
# Failed to write core dump. Minidumps are not enabled by default on client versions of Windows
#

---------------  T H R E A D  ---------------

Current thread (0x00000000151c4000):  JavaThread "C2 CompilerThread1" daemon [_thread_in_native, id=9692, stack(0x0000000016920000,0x0000000016a20000)]

Stack: [0x0000000016920000,0x0000000016a20000]
[error occurred during error reporting (printing stack bounds), id 0xc0000005]

Native frames: (J=compiled Java code, j=interpreted, Vv=VM code, C=native code)


Current CompileTask:
C2:   8330 1417       4       com.android.dx.dex.code.OutputFinisher::addConstants (93 bytes)


---------------  P R O C E S S  ---------------

Java Threads: ( => current thread )
  0x0000000016bbd800 JavaThread "pool-1-thread-1" [_thread_in_Java, id=9584, stack(0x0000000018df0000,0x0000000018ef0000)]
  0x0000000016a2f800 JavaThread "Service Thread" daemon [_thread_blocked, id=11668, stack(0x0000000016f20000,0x0000000017020000)]
  0x0000000016a21000 JavaThread "C1 CompilerThread2" daemon [_thread_blocked, id=5052, stack(0x0000000016e20000,0x0000000016f20000)]
=>0x00000000151c4000 JavaThread "C2 CompilerThread1" daemon [_thread_in_native, id=9692, stack(0x0000000016920000,0x0000000016a20000)]
  0x00000000151be800 JavaThread "C2 CompilerThread0" daemon [_thread_in_native, id=6172, stack(0x0000000016820000,0x0000000016920000)]
  0x00000000151bc800 JavaThread "Attach Listener" daemon [_thread_blocked, id=12240, stack(0x0000000016720000,0x0000000016820000)]
  0x0000000002aee800 JavaThread "Signal Dispatcher" daemon [_thread_blocked, id=12780, stack(0x0000000016620000,0x0000000016720000)]
  0x00000000151aa800 JavaThread "Finalizer" daemon [_thread_blocked, id=3608, stack(0x0000000016410000,0x0000000016510000)]
  0x0000000002ae0000 JavaThread "Reference Handler" daemon [_thread_blocked, id=7248, stack(0x0000000016310000,0x0000000016410000)]
  0x00000000028ed800 JavaThread "main" [_thread_blocked, id=9232, stack(0x00000000026f0000,0x00000000027f0000)]

Other Threads:
  0x0000000015187800 VMThread [stack: 0x0000000016210000,0x0000000016310000] [id=13996]
  0x0000000016a26800 WatcherThread [stack: 0x0000000017020000,0x0000000017120000] [id=11988]

VM state:not at safepoint (normal execution)

VM Mutex/Monitor currently owned by a thread: None

Heap:
 PSYoungGen      total 35328K, used 28637K [0x00000000eab00000, 0x00000000ed000000, 0x0000000100000000)
  eden space 32768K, 79% used [0x00000000eab00000,0x00000000ec47b680,0x00000000ecb00000)
  from space 2560K, 99% used [0x00000000ecd80000,0x00000000ecffc020,0x00000000ed000000)
  to   space 2560K, 0% used [0x00000000ecb00000,0x00000000ecb00000,0x00000000ecd80000)
 ParOldGen       total 44032K, used 4592K [0x00000000c0000000, 0x00000000c2b00000, 0x00000000eab00000)
  object space 44032K, 10% used [0x00000000c0000000,0x00000000c047c248,0x00000000c2b00000)
 Metaspace       used 6241K, capacity 7128K, committed 7424K, reserved 1058816K
  class space    used 619K, capacity 656K, committed 768K, reserved 1048576K

Card table byte_map: [0x0000000011eb0000,0x00000000120c0000] byte_map_base: 0x00000000118b0000

Marking Bits: (ParMarkBitMap*) 0x0000000072512f70
 Begin Bits: [0x0000000012620000, 0x0000000013620000)
 End Bits:   [0x0000000013620000, 0x0000000014620000)

Polling page: 0x0000000000c60000

CodeCache: size=245760Kb used=6125Kb max_used=6125Kb free=239634Kb
 bounds [0x0000000002af0000, 0x00000000030f0000, 0x0000000011af0000]
 total_blobs=1745 nmethods=1475 adapters=182
 compilation: disabled (not enough contiguous free space left)

Compilation events (10 events):
Event: 8.091 Thread 0x0000000016a21000 nmethod 1413 0x00000000030ca750 code [0x00000000030ca8c0, 0x00000000030caac8]
Event: 8.094 Thread 0x0000000016a21000 1414  s    3       com.android.dx.dex.file.StringIdsSection::intern (53 bytes)
Event: 8.095 Thread 0x0000000016a21000 nmethod 1414 0x00000000030cd6d0 code [0x00000000030cd8a0, 0x00000000030ce218]
Event: 8.095 Thread 0x00000000151c4000 nmethod 1406 0x00000000030ce5d0 code [0x00000000030ce780, 0x00000000030cee18]
Event: 8.095 Thread 0x00000000151be800 1415       4       com.android.dx.rop.code.BasicBlock::getLastInsn (8 bytes)
Event: 8.096 Thread 0x0000000016a21000 1416  s    3       com.android.dx.dex.file.TypeIdsSection::intern (60 bytes)
Event: 8.097 Thread 0x00000000151be800 nmethod 1415 0x00000000030cbad0 code [0x00000000030cbc20, 0x00000000030cbd18]
Event: 8.098 Thread 0x0000000016a21000 nmethod 1416 0x00000000030cc190 code [0x00000000030cc3a0, 0x00000000030cd048]
Event: 8.111 Thread 0x00000000151c4000 1417       4       com.android.dx.dex.code.OutputFinisher::addConstants (93 bytes)
Event: 8.143 Thread 0x00000000151be800 1418       4       java.util.HashMap::putVal (300 bytes)

GC Heap History (4 events):
Event: 4.767 GC heap before
{Heap before GC invocations=1 (full 0):
 PSYoungGen      total 18944K, used 16384K [0x00000000eab00000, 0x00000000ec000000, 0x0000000100000000)
  eden space 16384K, 100% used [0x00000000eab00000,0x00000000ebb00000,0x00000000ebb00000)
  from space 2560K, 0% used [0x00000000ebd80000,0x00000000ebd80000,0x00000000ec000000)
  to   space 2560K, 0% used [0x00000000ebb00000,0x00000000ebb00000,0x00000000ebd80000)
 ParOldGen       total 44032K, used 0K [0x00000000c0000000, 0x00000000c2b00000, 0x00000000eab00000)
  object space 44032K, 0% used [0x00000000c0000000,0x00000000c0000000,0x00000000c2b00000)
 Metaspace       used 5812K, capacity 6770K, committed 7040K, reserved 1056768K
  class space    used 597K, capacity 618K, committed 640K, reserved 1048576K
Event: 4.825 GC heap after
Heap after GC invocations=1 (full 0):
 PSYoungGen      total 18944K, used 2538K [0x00000000eab00000, 0x00000000ed000000, 0x0000000100000000)
  eden space 16384K, 0% used [0x00000000eab00000,0x00000000eab00000,0x00000000ebb00000)
  from space 2560K, 99% used [0x00000000ebb00000,0x00000000ebd7aab0,0x00000000ebd80000)
  to   space 2560K, 0% used [0x00000000ecd80000,0x00000000ecd80000,0x00000000ed000000)
 ParOldGen       total 44032K, used 1912K [0x00000000c0000000, 0x00000000c2b00000, 0x00000000eab00000)
  object space 44032K, 4% used [0x00000000c0000000,0x00000000c01de028,0x00000000c2b00000)
 Metaspace       used 5812K, capacity 6770K, committed 7040K, reserved 1056768K
  class space    used 597K, capacity 618K, committed 640K, reserved 1048576K
}
Event: 6.391 GC heap before
{Heap before GC invocations=2 (full 0):
 PSYoungGen      total 18944K, used 18922K [0x00000000eab00000, 0x00000000ed000000, 0x0000000100000000)
  eden space 16384K, 100% used [0x00000000eab00000,0x00000000ebb00000,0x00000000ebb00000)
  from space 2560K, 99% used [0x00000000ebb00000,0x00000000ebd7aab0,0x00000000ebd80000)
  to   space 2560K, 0% used [0x00000000ecd80000,0x00000000ecd80000,0x00000000ed000000)
 ParOldGen       total 44032K, used 1912K [0x00000000c0000000, 0x00000000c2b00000, 0x00000000eab00000)
  object space 44032K, 4% used [0x00000000c0000000,0x00000000c01de028,0x00000000c2b00000)
 Metaspace       used 5974K, capacity 6900K, committed 7040K, reserved 1056768K
  class space    used 601K, capacity 620K, committed 640K, reserved 1048576K
Event: 6.579 GC heap after
Heap after GC invocations=2 (full 0):
 PSYoungGen      total 35328K, used 2544K [0x00000000eab00000, 0x00000000ed000000, 0x0000000100000000)
  eden space 32768K, 0% used [0x00000000eab00000,0x00000000eab00000,0x00000000ecb00000)
  from space 2560K, 99% used [0x00000000ecd80000,0x00000000ecffc020,0x00000000ed000000)
  to   space 2560K, 0% used [0x00000000ecb00000,0x00000000ecb00000,0x00000000ecd80000)
 ParOldGen       total 44032K, used 4592K [0x00000000c0000000, 0x00000000c2b00000, 0x00000000eab00000)
  object space 44032K, 10% used [0x00000000c0000000,0x00000000c047c248,0x00000000c2b00000)
 Metaspace       used 5974K, capacity 6900K, committed 7040K, reserved 1056768K
  class space    used 601K, capacity 620K, committed 640K, reserved 1048576K
}

Deoptimization events (10 events):
Event: 8.054 Thread 0x0000000016bbd800 Uncommon trap: reason=class_check action=maybe_recompile pc=0x000000000308c508 method=java.util.Arrays.hashCode([Ljava/lang/Object;)I @ 43
Event: 8.054 Thread 0x0000000016bbd800 Uncommon trap: reason=class_check action=maybe_recompile pc=0x000000000308c508 method=java.util.Arrays.hashCode([Ljava/lang/Object;)I @ 43
Event: 8.056 Thread 0x0000000016bbd800 Uncommon trap: reason=class_check action=maybe_recompile pc=0x0000000003088928 method=java.util.Arrays.hashCode([Ljava/lang/Object;)I @ 43
Event: 8.061 Thread 0x0000000016bbd800 Uncommon trap: reason=bimorphic action=maybe_recompile pc=0x0000000002eb8570 method=java.util.HashMap.getNode(ILjava/lang/Object;)Ljava/util/HashMap$Node; @ 126
Event: 8.061 Thread 0x0000000016bbd800 Uncommon trap: reason=bimorphic action=maybe_recompile pc=0x0000000002eb8570 method=java.util.HashMap.getNode(ILjava/lang/Object;)Ljava/util/HashMap$Node; @ 126
Event: 8.061 Thread 0x0000000016bbd800 Uncommon trap: reason=class_check action=maybe_recompile pc=0x0000000002ebe890 method=java.util.HashMap.putVal(ILjava/lang/Object;Ljava/lang/Object;ZZ)Ljava/lang/Object; @ 203
Event: 8.062 Thread 0x0000000016bbd800 Uncommon trap: reason=bimorphic action=maybe_recompile pc=0x0000000002eb8570 method=java.util.HashMap.getNode(ILjava/lang/Object;)Ljava/util/HashMap$Node; @ 126
Event: 8.062 Thread 0x0000000016bbd800 Uncommon trap: reason=class_check action=maybe_recompile pc=0x0000000002ebe890 method=java.util.HashMap.putVal(ILjava/lang/Object;Ljava/lang/Object;ZZ)Ljava/lang/Object; @ 203
Event: 8.062 Thread 0x0000000016bbd800 Uncommon trap: reason=bimorphic action=maybe_recompile pc=0x0000000002d1c8d8 method=java.util.HashMap.getNode(ILjava/lang/Object;)Ljava/util/HashMap$Node; @ 126
Event: 8.077 Thread 0x0000000016bbd800 Uncommon trap: reason=unstable_if action=reinterpret pc=0x0000000002ebe864 method=java.util.HashMap.putVal(ILjava/lang/Object;Ljava/lang/Object;ZZ)Ljava/lang/Object; @ 94

Internal exceptions (3 events):
Event: 1.025 Thread 0x00000000028ed800 Exception <a 'java/lang/NoSuchMethodError': Method sun.misc.Unsafe.defineClass(Ljava/lang/String;[BII)Ljava/lang/Class; name or signature does not match> (0x00000000eab07cc0) thrown at [C:\re\workspace\8-2-build-windows-amd64-cygwin\jdk8u91\7017\hotspot\srˆîŠÆ8fð?
Event: 1.025 Thread 0x00000000028ed800 Exception <a 'java/lang/NoSuchMethodError': Method sun.misc.Unsafe.prefetchRead(Ljava/lang/Object;J)V name or signature does not match> (0x00000000eab07fa8) thrown at [C:\re\workspace\8-2-build-windows-amd64-cygwin\jdk8u91\7017\hotspot\src\share\vm\prims\jþÂ¼.Õ@
Event: 5.208 Thread 0x0000000016bbc800 Implicit null exception at 0x0000000002e854ab to 0x0000000002e86bf1

Events (10 events):
Event: 8.062 Thread 0x0000000016bbd800 DEOPT PACKING pc=0x0000000002ebe890 sp=0x0000000018eeed30
Event: 8.062 Thread 0x0000000016bbd800 DEOPT UNPACKING pc=0x0000000002b3582a sp=0x0000000018eeec58 mode 2
Event: 8.062 Thread 0x0000000016bbd800 Uncommon trap: trap_request=0xffffffc6 fr.pc=0x0000000002d1c8d8
Event: 8.062 Thread 0x0000000016bbd800 DEOPT PACKING pc=0x0000000002d1c8d8 sp=0x0000000018eeec80
Event: 8.062 Thread 0x0000000016bbd800 DEOPT UNPACKING pc=0x0000000002b3582a sp=0x0000000018eeec08 mode 2
Event: 8.067 loading class com/android/dx/dex/file/CatchStructs
Event: 8.067 loading class com/android/dx/dex/file/CatchStructs done
Event: 8.077 Thread 0x0000000016bbd800 Uncommon trap: trap_request=0xffffff65 fr.pc=0x0000000002ebe864
Event: 8.077 Thread 0x0000000016bbd800 DEOPT PACKING pc=0x0000000002ebe864 sp=0x0000000018eeebb0
Event: 8.077 Thread 0x0000000016bbd800 DEOPT UNPACKING pc=0x0000000002b3582a sp=0x0000000018eeeac8 mode 2


Dynamic libraries:
0x00007ff6784a0000 - 0x00007ff6784d7000 	C:\Program Files\Java\jdk1.8.0_91\bin\java.exe
0x00007ff8436f0000 - 0x00007ff8438c1000 	C:\WINDOWS\SYSTEM32\ntdll.dll
0x00007ff8428b0000 - 0x00007ff84295b000 	C:\WINDOWS\System32\KERNEL32.DLL
0x00007ff8402c0000 - 0x00007ff8404dd000 	C:\WINDOWS\System32\KERNELBASE.dll
0x00007ff8435d0000 - 0x00007ff843672000 	C:\WINDOWS\System32\ADVAPI32.dll
0x00007ff842290000 - 0x00007ff84232e000 	C:\WINDOWS\System32\msvcrt.dll
0x00007ff843690000 - 0x00007ff8436e9000 	C:\WINDOWS\System32\sechost.dll
0x00007ff842e40000 - 0x00007ff842f61000 	C:\WINDOWS\System32\RPCRT4.dll
0x00007ff8424e0000 - 0x00007ff842645000 	C:\WINDOWS\System32\USER32.dll
0x00007ff8409d0000 - 0x00007ff8409ee000 	C:\WINDOWS\System32\win32u.dll
0x00007ff843420000 - 0x00007ff843454000 	C:\WINDOWS\System32\GDI32.dll
0x00007ff8404e0000 - 0x00007ff840662000 	C:\WINDOWS\System32\gdi32full.dll
0x00007ff838f00000 - 0x00007ff839179000 	C:\WINDOWS\WinSxS\amd64_microsoft.windows.common-controls_6595b64144ccf1df_6.0.14393.447_none_42191651c6827bb3\COMCTL32.dll
0x00007ff842960000 - 0x00007ff842c28000 	C:\WINDOWS\System32\combase.dll
0x00007ff840830000 - 0x00007ff840925000 	C:\WINDOWS\System32\ucrtbase.dll
0x00007ff840bc0000 - 0x00007ff840c2a000 	C:\WINDOWS\System32\bcryptPrimitives.dll
0x00007ff842e10000 - 0x00007ff842e3e000 	C:\WINDOWS\System32\IMM32.DLL
0x00000000716a0000 - 0x0000000071772000 	C:\Program Files\Java\jdk1.8.0_91\jre\bin\msvcr100.dll
0x0000000071d00000 - 0x0000000072593000 	C:\Program Files\Java\jdk1.8.0_91\jre\bin\server\jvm.dll
0x00007ff842da0000 - 0x00007ff842da8000 	C:\WINDOWS\System32\PSAPI.DLL
0x00007ff8365a0000 - 0x00007ff8365a9000 	C:\WINDOWS\SYSTEM32\WSOCK32.dll
0x00007ff843460000 - 0x00007ff8434ca000 	C:\WINDOWS\System32\WS2_32.dll
0x00007ff83e010000 - 0x00007ff83e033000 	C:\WINDOWS\SYSTEM32\WINMM.dll
0x00007ff831820000 - 0x00007ff83182a000 	C:\WINDOWS\SYSTEM32\VERSION.dll
0x00007ff83dfb0000 - 0x00007ff83dfdb000 	C:\WINDOWS\SYSTEM32\WINMMBASE.dll
0x00007ff840c30000 - 0x00007ff840c72000 	C:\WINDOWS\System32\cfgmgr32.dll
0x00000000729c0000 - 0x00000000729cf000 	C:\Program Files\Java\jdk1.8.0_91\jre\bin\verify.dll
0x0000000072640000 - 0x0000000072669000 	C:\Program Files\Java\jdk1.8.0_91\jre\bin\java.dll
0x0000000072620000 - 0x0000000072636000 	C:\Program Files\Java\jdk1.8.0_91\jre\bin\zip.dll
0x00007ff840ce0000 - 0x00007ff8421e9000 	C:\WINDOWS\System32\SHELL32.dll
0x00007ff83fbe0000 - 0x00007ff8402ba000 	C:\WINDOWS\System32\windows.storage.dll
0x00007ff83fb50000 - 0x00007ff83fb9c000 	C:\WINDOWS\System32\powrprof.dll
0x00007ff840c80000 - 0x00007ff840cd2000 	C:\WINDOWS\System32\shlwapi.dll
0x00007ff83fbd0000 - 0x00007ff83fbdf000 	C:\WINDOWS\System32\kernel.appcore.dll
0x00007ff8406d0000 - 0x00007ff840779000 	C:\WINDOWS\System32\shcore.dll
0x00007ff83fba0000 - 0x00007ff83fbb4000 	C:\WINDOWS\System32\profapi.dll

VM Arguments:
jvm_args: -Djava.awt.headless=true -Xmx1024M -Dfile.encoding=windows-1252 -Duser.country=MX -Duser.language=es -Duser.variant 
java_command: com.android.dx.command.Main --dex --force-jumbo --num-threads=4 --multi-dex --output C:\Users\mm\Documents\GestorParqueos\app\build\intermediates\transforms\dex\debug\folders\1000\10\instant-run_cd6d15246c49d6bf8f1e0a5ea9edd47a267037fb C:\Users\mm\Documents\GestorParqueos\app\build\intermediates\incremental-runtime-classes\debug\instant-run.jar
java_class_path (initial): C:\Users\mm\AppData\Local\Android\sdk\build-tools\24.0.3\lib\dx.jar
Launcher Type: SUN_STANDARD

Environment Variables:
JAVA_HOME=C:\Program Files\Java\jdk1.8.0_91
PATH=C:\ProgramData\Oracle\Java\javapath;C:\Program Files (x86)\Intel\iCLS Client\;C:\Program Files\Intel\iCLS Client\;C:\WINDOWS\system32;C:\WINDOWS;C:\WINDOWS\System32\Wbem;C:\WINDOWS\System32\WindowsPowerShell\v1.0\;C:\Program Files (x86)\Windows Live\Shared;C:\Program Files\Intel\Intel(R) Management Engine Components\DAL;C:\Program Files\Intel\Intel(R) Management Engine Components\IPT;C:\Program Files (x86)\Intel\Intel(R) Management Engine Components\DAL;C:\Program Files (x86)\Intel\Intel(R) Management Engine Components\IPT;C:\Program Files (x86)\Intel\OpenCL SDK\2.0\bin\x86;C:\Program Files (x86)\Intel\OpenCL SDK\2.0\bin\x64;C:\Program Files\Intel\WiFi\bin\;C:\Program Files\Common Files\Intel\WirelessCommon\;c:\Program Files (x86)\Microsoft SQL Server\100\Tools\Binn\VSShell\Common7\IDE\;c:\Program Files (x86)\Microsoft SQL Server\100\Tools\Binn\;c:\Program Files (x86)\Microsoft SQL Server\100\DTS\Binn\;C:\Program Files\Microsoft SQL Server\110\Tools\Binn\;C:\Program Files (x86)\Microsoft SDKs\TypeScript\1.0\;C:\Program Files\Microsoft SQL Server\120\Tools\Binn\;C:\MinGW\bin;C:\xampp\php;C:\ProgramData\ComposerSetup\bin;C:\WINDOWS\system32\config\systemprofile\.dnx\bin;C:\Program Files\Microsoft DNX\Dnvm\;C:\Program Files\Microsoft SQL Server\130\Tools\Binn\;C:\Program Files\Git\cmd;C:\Program Files (x86)\Skype\Phone\;C:\Program Files (x86)\Windows Kits\10\Windows Performance Toolkit\;C:\Program Files (x86)\nodejs\;C:\Users\mm\AppData\Roaming\Composer\vendor\binC:\Program Files (x86)\Java\jdk1.8.0_45;C:\Users\mm\AppData\Local\Microsoft\WindowsApps;C:\Users\mm\AppData\Roaming\npm
USERNAME=mm
OS=Windows_NT
PROCESSOR_IDENTIFIER=Intel64 Family 6 Model 58 Stepping 9, GenuineIntel



---------------  S Y S T E M  ---------------

OS: Windows 10.0 , 64 bit Build 14393 (10.0.14393.0)

CPU:total 4 (2 cores per cpu, 2 threads per core) family 6 model 58 stepping 9, cmov, cx8, fxsr, mmx, sse, sse2, sse3, ssse3, sse4.1, sse4.2, popcnt, avx, clmul, erms, ht, tsc, tscinvbit, tscinv

Memory: 4k page, physical 4081596k(197304k free), swap 8177596k(140k free)

vm_info: Java HotSpot(TM) 64-Bit Server VM (25.91-b15) for windows-amd64 JRE (1.8.0_91-b15), built on May 20 2016 17:43:15 by "java_re" with MS VC++ 10.0 (VS2010)

time: Wed Dec 21 21:20:34 2016
elapsed time: 8 seconds (0d 0h 0m 8s)

