#
# There is insufficient memory for the Java Runtime Environment to continue.
# Native memory allocation (malloc) failed to allocate 65552 bytes for Chunk::new
# Possible reasons:
#   The system is out of physical RAM or swap space
#   In 32 bit mode, the process size limit was hit
# Possible solutions:
#   Reduce memory load on the system
#   Increase physical memory or swap space
#   Check if swap backing store is full
#   Use 64 bit Java on a 64 bit OS
#   Decrease Java heap size (-Xmx/-Xms)
#   Decrease number of Java threads
#   Decrease Java thread stack sizes (-Xss)
#   Set larger code cache with -XX:ReservedCodeCacheSize=
# This output file may be truncated or incomplete.
#
#  Out of Memory Error (allocation.cpp:390), pid=14984, tid=1876
#
# JRE version: Java(TM) SE Runtime Environment (8.0_91-b15) (build 1.8.0_91-b15)
# Java VM: Java HotSpot(TM) 64-Bit Server VM (25.91-b15 mixed mode windows-amd64 compressed oops)
# Failed to write core dump. Minidumps are not enabled by default on client versions of Windows
#

---------------  T H R E A D  ---------------

Current thread (0x0000000014ef3800):  JavaThread "C2 CompilerThread1" daemon [_thread_in_native, id=1876, stack(0x0000000016650000,0x0000000016750000)]

Stack: [0x0000000016650000,0x0000000016750000]
[error occurred during error reporting (printing stack bounds), id 0xc0000005]

Native frames: (J=compiled Java code, j=interpreted, Vv=VM code, C=native code)


Current CompileTask:
C2:  11742 2248   !   4       com.android.dx.rop.code.RegisterSpec::intern (70 bytes)


---------------  P R O C E S S  ---------------

Java Threads: ( => current thread )
  0x0000000016aa2000 JavaThread "pool-1-thread-1" [_thread_in_Java, id=2260, stack(0x000000001ad70000,0x000000001ae70000)]
  0x0000000016878800 JavaThread "Service Thread" daemon [_thread_blocked, id=10404, stack(0x0000000016c50000,0x0000000016d50000)]
  0x0000000014ef6800 JavaThread "C1 CompilerThread2" daemon [_thread_in_native, id=15020, stack(0x0000000016750000,0x0000000016850000)]
=>0x0000000014ef3800 JavaThread "C2 CompilerThread1" daemon [_thread_in_native, id=1876, stack(0x0000000016650000,0x0000000016750000)]
  0x0000000014eee800 JavaThread "C2 CompilerThread0" daemon [_thread_in_native, id=5148, stack(0x0000000016550000,0x0000000016650000)]
  0x0000000014eed000 JavaThread "Attach Listener" daemon [_thread_blocked, id=11516, stack(0x0000000016450000,0x0000000016550000)]
  0x0000000014eec000 JavaThread "Signal Dispatcher" daemon [_thread_blocked, id=3816, stack(0x0000000016350000,0x0000000016450000)]
  0x0000000014eda800 JavaThread "Finalizer" daemon [_thread_blocked, id=10860, stack(0x0000000016140000,0x0000000016240000)]
  0x0000000014eb9000 JavaThread "Reference Handler" daemon [_thread_blocked, id=11780, stack(0x0000000016040000,0x0000000016140000)]
  0x00000000025cd800 JavaThread "main" [_thread_blocked, id=10516, stack(0x0000000002620000,0x0000000002720000)]

Other Threads:
  0x0000000014eb7800 VMThread [stack: 0x0000000015f40000,0x0000000016040000] [id=8304]
  0x0000000016894000 WatcherThread [stack: 0x0000000016d50000,0x0000000016e50000] [id=14384]

VM state:not at safepoint (normal execution)

VM Mutex/Monitor currently owned by a thread: None

Heap:
 PSYoungGen      total 139264K, used 104665K [0x00000000eab00000, 0x00000000f4d00000, 0x0000000100000000)
  eden space 124928K, 72% used [0x00000000eab00000,0x00000000f0338248,0x00000000f2500000)
  from space 14336K, 99% used [0x00000000f3700000,0x00000000f44fe238,0x00000000f4500000)
  to   space 18432K, 0% used [0x00000000f2500000,0x00000000f2500000,0x00000000f3700000)
 ParOldGen       total 44032K, used 25419K [0x00000000c0000000, 0x00000000c2b00000, 0x00000000eab00000)
  object space 44032K, 57% used [0x00000000c0000000,0x00000000c18d2f28,0x00000000c2b00000)
 Metaspace       used 6822K, capacity 7544K, committed 7680K, reserved 1056768K
  class space    used 647K, capacity 688K, committed 768K, reserved 1048576K

Card table byte_map: [0x0000000011be0000,0x0000000011df0000] byte_map_base: 0x00000000115e0000

Marking Bits: (ParMarkBitMap*) 0x0000000072512f70
 Begin Bits: [0x0000000012350000, 0x0000000013350000)
 End Bits:   [0x0000000013350000, 0x0000000014350000)

Polling page: 0x0000000000950000

CodeCache: size=245760Kb used=9604Kb max_used=9617Kb free=236155Kb
 bounds [0x0000000002820000, 0x0000000003190000, 0x0000000011820000]
 total_blobs=2501 nmethods=2230 adapters=183
 compilation: enabled

Compilation events (10 events):
Event: 10.688 Thread 0x0000000014ef6800 nmethod 2271 0x0000000003162c10 code [0x0000000003162d60, 0x0000000003162e70]
Event: 10.688 Thread 0x0000000014ef6800 2274       1       com.android.dx.dex.code.form.Form22x::codeSize (2 bytes)
Event: 10.688 Thread 0x0000000014ef6800 nmethod 2274 0x0000000003164e90 code [0x0000000003164fe0, 0x00000000031650f0]
Event: 10.688 Thread 0x0000000014ef6800 2275       1       com.android.dx.dex.code.form.Form11x::codeSize (2 bytes)
Event: 10.688 Thread 0x0000000014ef6800 nmethod 2275 0x0000000003164bd0 code [0x0000000003164d20, 0x0000000003164e30]
Event: 10.689 Thread 0x0000000014ef6800 2276   !   3       com.android.dx.rop.code.RegisterSpecSet::remove (30 bytes)
Event: 10.689 Thread 0x0000000014ef6800 nmethod 2276 0x00000000031643d0 code [0x0000000003164560, 0x00000000031649a8]
Event: 10.690 Thread 0x0000000014eee800 2277       4       com.android.dx.dex.code.LocalList$MakeState::filterSpec (24 bytes)
Event: 10.691 Thread 0x0000000014eee800 nmethod 2277 0x0000000003167090 code [0x00000000031671e0, 0x0000000003167278]
Event: 10.691 Thread 0x0000000014ef6800 2278       3       com.android.dx.dex.code.StdCatchBuilder::handlersFor (216 bytes)

GC Heap History (10 events):
Event: 1.957 GC heap before
{Heap before GC invocations=4 (full 0):
 PSYoungGen      total 18944K, used 18928K [0x00000000eab00000, 0x00000000ed000000, 0x0000000100000000)
  eden space 16384K, 100% used [0x00000000eab00000,0x00000000ebb00000,0x00000000ebb00000)
  from space 2560K, 99% used [0x00000000ebb00000,0x00000000ebd7c028,0x00000000ebd80000)
  to   space 2560K, 0% used [0x00000000ecd80000,0x00000000ecd80000,0x00000000ed000000)
 ParOldGen       total 44032K, used 5720K [0x00000000c0000000, 0x00000000c2b00000, 0x00000000eab00000)
  object space 44032K, 12% used [0x00000000c0000000,0x00000000c0596138,0x00000000c2b00000)
 Metaspace       used 6197K, capacity 7090K, committed 7296K, reserved 1056768K
  class space    used 604K, capacity 618K, committed 640K, reserved 1048576K
Event: 1.978 GC heap after
Heap after GC invocations=4 (full 0):
 PSYoungGen      total 35328K, used 2530K [0x00000000eab00000, 0x00000000ed000000, 0x0000000100000000)
  eden space 32768K, 0% used [0x00000000eab00000,0x00000000eab00000,0x00000000ecb00000)
  from space 2560K, 98% used [0x00000000ecd80000,0x00000000ecff8968,0x00000000ed000000)
  to   space 2560K, 0% used [0x00000000ecb00000,0x00000000ecb00000,0x00000000ecd80000)
 ParOldGen       total 44032K, used 8470K [0x00000000c0000000, 0x00000000c2b00000, 0x00000000eab00000)
  object space 44032K, 19% used [0x00000000c0000000,0x00000000c0845b90,0x00000000c2b00000)
 Metaspace       used 6197K, capacity 7090K, committed 7296K, reserved 1056768K
  class space    used 604K, capacity 618K, committed 640K, reserved 1048576K
}
Event: 2.517 GC heap before
{Heap before GC invocations=5 (full 0):
 PSYoungGen      total 35328K, used 35298K [0x00000000eab00000, 0x00000000ed000000, 0x0000000100000000)
  eden space 32768K, 100% used [0x00000000eab00000,0x00000000ecb00000,0x00000000ecb00000)
  from space 2560K, 98% used [0x00000000ecd80000,0x00000000ecff8968,0x00000000ed000000)
  to   space 2560K, 0% used [0x00000000ecb00000,0x00000000ecb00000,0x00000000ecd80000)
 ParOldGen       total 44032K, used 8470K [0x00000000c0000000, 0x00000000c2b00000, 0x00000000eab00000)
  object space 44032K, 19% used [0x00000000c0000000,0x00000000c0845b90,0x00000000c2b00000)
 Metaspace       used 6261K, capacity 7090K, committed 7296K, reserved 1056768K
  class space    used 604K, capacity 618K, committed 640K, reserved 1048576K
Event: 2.605 GC heap after
Heap after GC invocations=5 (full 0):
 PSYoungGen      total 35328K, used 2544K [0x00000000eab00000, 0x00000000efb00000, 0x0000000100000000)
  eden space 32768K, 0% used [0x00000000eab00000,0x00000000eab00000,0x00000000ecb00000)
  from space 2560K, 99% used [0x00000000ecb00000,0x00000000ecd7c028,0x00000000ecd80000)
  to   space 8192K, 0% used [0x00000000ef300000,0x00000000ef300000,0x00000000efb00000)
 ParOldGen       total 44032K, used 13671K [0x00000000c0000000, 0x00000000c2b00000, 0x00000000eab00000)
  object space 44032K, 31% used [0x00000000c0000000,0x00000000c0d59fd8,0x00000000c2b00000)
 Metaspace       used 6261K, capacity 7090K, committed 7296K, reserved 1056768K
  class space    used 604K, capacity 618K, committed 640K, reserved 1048576K
}
Event: 3.012 GC heap before
{Heap before GC invocations=6 (full 0):
 PSYoungGen      total 35328K, used 35312K [0x00000000eab00000, 0x00000000efb00000, 0x0000000100000000)
  eden space 32768K, 100% used [0x00000000eab00000,0x00000000ecb00000,0x00000000ecb00000)
  from space 2560K, 99% used [0x00000000ecb00000,0x00000000ecd7c028,0x00000000ecd80000)
  to   space 8192K, 0% used [0x00000000ef300000,0x00000000ef300000,0x00000000efb00000)
 ParOldGen       total 44032K, used 13671K [0x00000000c0000000, 0x00000000c2b00000, 0x00000000eab00000)
  object space 44032K, 31% used [0x00000000c0000000,0x00000000c0d59fd8,0x00000000c2b00000)
 Metaspace       used 6303K, capacity 7154K, committed 7296K, reserved 1056768K
  class space    used 605K, capacity 618K, committed 640K, reserved 1048576K
Event: 3.043 GC heap after
Heap after GC invocations=6 (full 0):
 PSYoungGen      total 72704K, used 8024K [0x00000000eab00000, 0x00000000efd00000, 0x0000000100000000)
  eden space 64512K, 0% used [0x00000000eab00000,0x00000000eab00000,0x00000000eea00000)
  from space 8192K, 97% used [0x00000000ef300000,0x00000000efad63d0,0x00000000efb00000)
  to   space 9216K, 0% used [0x00000000eea00000,0x00000000eea00000,0x00000000ef300000)
 ParOldGen       total 44032K, used 13671K [0x00000000c0000000, 0x00000000c2b00000, 0x00000000eab00000)
  object space 44032K, 31% used [0x00000000c0000000,0x00000000c0d59fd8,0x00000000c2b00000)
 Metaspace       used 6303K, capacity 7154K, committed 7296K, reserved 1056768K
  class space    used 605K, capacity 618K, committed 640K, reserved 1048576K
}
Event: 4.042 GC heap before
{Heap before GC invocations=7 (full 0):
 PSYoungGen      total 72704K, used 72536K [0x00000000eab00000, 0x00000000efd00000, 0x0000000100000000)
  eden space 64512K, 100% used [0x00000000eab00000,0x00000000eea00000,0x00000000eea00000)
  from space 8192K, 97% used [0x00000000ef300000,0x00000000efad63d0,0x00000000efb00000)
  to   space 9216K, 0% used [0x00000000eea00000,0x00000000eea00000,0x00000000ef300000)
 ParOldGen       total 44032K, used 13671K [0x00000000c0000000, 0x00000000c2b00000, 0x00000000eab00000)
  object space 44032K, 31% used [0x00000000c0000000,0x00000000c0d59fd8,0x00000000c2b00000)
 Metaspace       used 6414K, capacity 7192K, committed 7424K, reserved 1056768K
  class space    used 625K, capacity 656K, committed 768K, reserved 1048576K
Event: 4.095 GC heap after
Heap after GC invocations=7 (full 0):
 PSYoungGen      total 73728K, used 9207K [0x00000000eab00000, 0x00000000f4500000, 0x0000000100000000)
  eden space 64512K, 0% used [0x00000000eab00000,0x00000000eab00000,0x00000000eea00000)
  from space 9216K, 99% used [0x00000000eea00000,0x00000000ef2fdcc0,0x00000000ef300000)
  to   space 14336K, 0% used [0x00000000f3700000,0x00000000f3700000,0x00000000f4500000)
 ParOldGen       total 44032K, used 21028K [0x00000000c0000000, 0x00000000c2b00000, 0x00000000eab00000)
  object space 44032K, 47% used [0x00000000c0000000,0x00000000c1489328,0x00000000c2b00000)
 Metaspace       used 6414K, capacity 7192K, committed 7424K, reserved 1056768K
  class space    used 625K, capacity 656K, committed 768K, reserved 1048576K
}
Event: 5.054 GC heap before
{Heap before GC invocations=8 (full 0):
 PSYoungGen      total 73728K, used 73719K [0x00000000eab00000, 0x00000000f4500000, 0x0000000100000000)
  eden space 64512K, 100% used [0x00000000eab00000,0x00000000eea00000,0x00000000eea00000)
  from space 9216K, 99% used [0x00000000eea00000,0x00000000ef2fdcc0,0x00000000ef300000)
  to   space 14336K, 0% used [0x00000000f3700000,0x00000000f3700000,0x00000000f4500000)
 ParOldGen       total 44032K, used 21028K [0x00000000c0000000, 0x00000000c2b00000, 0x00000000eab00000)
  object space 44032K, 47% used [0x00000000c0000000,0x00000000c1489328,0x00000000c2b00000)
 Metaspace       used 6470K, capacity 7192K, committed 7424K, reserved 1056768K
  class space    used 625K, capacity 656K, committed 768K, reserved 1048576K
Event: 5.154 GC heap after
Heap after GC invocations=8 (full 0):
 PSYoungGen      total 139264K, used 14328K [0x00000000eab00000, 0x00000000f4d00000, 0x0000000100000000)
  eden space 124928K, 0% used [0x00000000eab00000,0x00000000eab00000,0x00000000f2500000)
  from space 14336K, 99% used [0x00000000f3700000,0x00000000f44fe238,0x00000000f4500000)
  to   space 18432K, 0% used [0x00000000f2500000,0x00000000f2500000,0x00000000f3700000)
 ParOldGen       total 44032K, used 25419K [0x00000000c0000000, 0x00000000c2b00000, 0x00000000eab00000)
  object space 44032K, 57% used [0x00000000c0000000,0x00000000c18d2f28,0x00000000c2b00000)
 Metaspace       used 6470K, capacity 7192K, committed 7424K, reserved 1056768K
  class space    used 625K, capacity 656K, committed 768K, reserved 1048576K
}

Deoptimization events (10 events):
Event: 7.688 Thread 0x0000000016aa2000 Uncommon trap: reason=class_check action=maybe_recompile pc=0x0000000002ce2608 method=java.util.Arrays.hashCode([Ljava/lang/Object;)I @ 43
Event: 7.688 Thread 0x0000000016aa2000 Uncommon trap: reason=class_check action=maybe_recompile pc=0x0000000002ce2608 method=java.util.Arrays.hashCode([Ljava/lang/Object;)I @ 43
Event: 7.688 Thread 0x0000000016aa2000 Uncommon trap: reason=class_check action=maybe_recompile pc=0x0000000002ce2608 method=java.util.Arrays.hashCode([Ljava/lang/Object;)I @ 43
Event: 7.688 Thread 0x0000000016aa2000 Uncommon trap: reason=class_check action=maybe_recompile pc=0x0000000002ce2608 method=java.util.Arrays.hashCode([Ljava/lang/Object;)I @ 43
Event: 7.688 Thread 0x0000000016aa2000 Uncommon trap: reason=class_check action=maybe_recompile pc=0x0000000002cd9b74 method=java.util.Arrays.hashCode([Ljava/lang/Object;)I @ 43
Event: 8.195 Thread 0x0000000016aa2000 Uncommon trap: reason=unstable_if action=reinterpret pc=0x00000000030d75f8 method=java.util.HashMap.putVal(ILjava/lang/Object;Ljava/lang/Object;ZZ)Ljava/lang/Object; @ 206
Event: 8.997 Thread 0x0000000016aa2000 Uncommon trap: reason=unstable_if action=reinterpret pc=0x00000000030fcce4 method=java.util.HashMap.putVal(ILjava/lang/Object;Ljava/lang/Object;ZZ)Ljava/lang/Object; @ 206
Event: 9.634 Thread 0x0000000016aa2000 Uncommon trap: reason=unstable_if action=reinterpret pc=0x00000000030f200c method=com.android.dx.dex.file.DexFile.internIfAppropriate(Lcom/android/dx/rop/cst/Constant;)V @ 92
Event: 10.599 Thread 0x0000000016aa2000 Uncommon trap: reason=speculate_class_check action=maybe_recompile pc=0x0000000002b226dc method=com.android.dx.util.FixedSizeList.equals(Ljava/lang/Object;)Z @ 25
Event: 10.599 Thread 0x0000000016aa2000 Uncommon trap: reason=unstable_if action=reinterpret pc=0x0000000002b26aa0 method=java.util.Arrays.equals([Ljava/lang/Object;[Ljava/lang/Object;)Z @ 23

Internal exceptions (5 events):
Event: 0.047 Thread 0x00000000025cd800 Exception <a 'java/lang/NoSuchMethodError': Method sun.misc.Unsafe.defineClass(Ljava/lang/String;[BII)Ljava/lang/Class; name or signature does not match> (0x00000000eab07cc0) thrown at [C:\re\workspace\8-2-build-windows-amd64-cygwin\jdk8u91\7017\hotspot\srÇÕ∏¢	®?
Event: 0.047 Thread 0x00000000025cd800 Exception <a 'java/lang/NoSuchMethodError': Method sun.misc.Unsafe.prefetchRead(Ljava/lang/Object;J)V name or signature does not match> (0x00000000eab07fa8) thrown at [C:\re\workspace\8-2-build-windows-amd64-cygwin\jdk8u91\7017\hotspot\src\share\vm\prims\jê`Æ^É@
Event: 3.564 Thread 0x0000000016aa3000 Exception <a 'java/lang/ArrayIndexOutOfBoundsException': 18> (0x00000000ece3eb30) thrown at [C:\re\workspace\8-2-build-windows-amd64-cygwin\jdk8u91\7017\hotspot\src\share\vm\interpreter\interpreterRuntime.cpp, line 366]
Event: 3.565 Thread 0x0000000016aa3000 Exception <a 'java/lang/ArrayIndexOutOfBoundsException': 145> (0x00000000ece406b0) thrown at [C:\re\workspace\8-2-build-windows-amd64-cygwin\jdk8u91\7017\hotspot\src\share\vm\interpreter\interpreterRuntime.cpp, line 366]
Event: 3.682 Thread 0x0000000016aa3000 Exception <a 'java/lang/ArrayIndexOutOfBoundsException'> (0x00000000ece41998) thrown at [C:\re\workspace\8-2-build-windows-amd64-cygwin\jdk8u91\7017\hotspot\src\share\vm\runtime\sharedRuntime.cpp, line 605]

Events (10 events):
Event: 10.599 Thread 0x0000000016aa2000 DEOPT UNPACKING pc=0x000000000286582a sp=0x000000001ae6e7c0 mode 2
Event: 10.599 Thread 0x0000000016aa2000 Uncommon trap: trap_request=0xffffff65 fr.pc=0x0000000002b26aa0
Event: 10.600 Thread 0x0000000016aa2000 DEOPT PACKING pc=0x0000000002b26aa0 sp=0x000000001ae6e790
Event: 10.600 Thread 0x0000000016aa2000 DEOPT UNPACKING pc=0x000000000286582a sp=0x000000001ae6e730 mode 2
Event: 10.600 loading class com/android/dx/dex/code/CatchTable$Entry
Event: 10.600 loading class com/android/dx/dex/code/CatchTable$Entry done
Event: 10.600 loading class com/android/dx/util/ByteArrayAnnotatedOutput
Event: 10.600 loading class com/android/dx/util/ByteArrayAnnotatedOutput done
Event: 10.669 loading class com/android/dx/rop/code/RegisterSpecList$Expander
Event: 10.669 loading class com/android/dx/rop/code/RegisterSpecList$Expander done


Dynamic libraries:
0x00007ff6784a0000 - 0x00007ff6784d7000 	C:\Program Files\Java\jdk1.8.0_91\bin\java.exe
0x00007ff8436f0000 - 0x00007ff8438c1000 	C:\WINDOWS\SYSTEM32\ntdll.dll
0x00007ff8428b0000 - 0x00007ff84295b000 	C:\WINDOWS\System32\KERNEL32.DLL
0x00007ff8402c0000 - 0x00007ff8404dd000 	C:\WINDOWS\System32\KERNELBASE.dll
0x00007ff8435d0000 - 0x00007ff843672000 	C:\WINDOWS\System32\ADVAPI32.dll
0x00007ff842290000 - 0x00007ff84232e000 	C:\WINDOWS\System32\msvcrt.dll
0x00007ff843690000 - 0x00007ff8436e9000 	C:\WINDOWS\System32\sechost.dll
0x00007ff842e40000 - 0x00007ff842f61000 	C:\WINDOWS\System32\RPCRT4.dll
0x00007ff8424e0000 - 0x00007ff842645000 	C:\WINDOWS\System32\USER32.dll
0x00007ff8409d0000 - 0x00007ff8409ee000 	C:\WINDOWS\System32\win32u.dll
0x00007ff843420000 - 0x00007ff843454000 	C:\WINDOWS\System32\GDI32.dll
0x00007ff8404e0000 - 0x00007ff840662000 	C:\WINDOWS\System32\gdi32full.dll
0x00007ff838f00000 - 0x00007ff839179000 	C:\WINDOWS\WinSxS\amd64_microsoft.windows.common-controls_6595b64144ccf1df_6.0.14393.447_none_42191651c6827bb3\COMCTL32.dll
0x00007ff842960000 - 0x00007ff842c28000 	C:\WINDOWS\System32\combase.dll
0x00007ff840830000 - 0x00007ff840925000 	C:\WINDOWS\System32\ucrtbase.dll
0x00007ff840bc0000 - 0x00007ff840c2a000 	C:\WINDOWS\System32\bcryptPrimitives.dll
0x00007ff842e10000 - 0x00007ff842e3e000 	C:\WINDOWS\System32\IMM32.DLL
0x00000000716a0000 - 0x0000000071772000 	C:\Program Files\Java\jdk1.8.0_91\jre\bin\msvcr100.dll
0x0000000071d00000 - 0x0000000072593000 	C:\Program Files\Java\jdk1.8.0_91\jre\bin\server\jvm.dll
0x00007ff842da0000 - 0x00007ff842da8000 	C:\WINDOWS\System32\PSAPI.DLL
0x00007ff8365a0000 - 0x00007ff8365a9000 	C:\WINDOWS\SYSTEM32\WSOCK32.dll
0x00007ff83e010000 - 0x00007ff83e033000 	C:\WINDOWS\SYSTEM32\WINMM.dll
0x00007ff831820000 - 0x00007ff83182a000 	C:\WINDOWS\SYSTEM32\VERSION.dll
0x00007ff843460000 - 0x00007ff8434ca000 	C:\WINDOWS\System32\WS2_32.dll
0x00007ff83dfb0000 - 0x00007ff83dfdb000 	C:\WINDOWS\SYSTEM32\WINMMBASE.dll
0x00007ff840c30000 - 0x00007ff840c72000 	C:\WINDOWS\System32\cfgmgr32.dll
0x00000000729c0000 - 0x00000000729cf000 	C:\Program Files\Java\jdk1.8.0_91\jre\bin\verify.dll
0x0000000072640000 - 0x0000000072669000 	C:\Program Files\Java\jdk1.8.0_91\jre\bin\java.dll
0x0000000072620000 - 0x0000000072636000 	C:\Program Files\Java\jdk1.8.0_91\jre\bin\zip.dll
0x00007ff840ce0000 - 0x00007ff8421e9000 	C:\WINDOWS\System32\SHELL32.dll
0x00007ff83fbe0000 - 0x00007ff8402ba000 	C:\WINDOWS\System32\windows.storage.dll
0x00007ff83fb50000 - 0x00007ff83fb9c000 	C:\WINDOWS\System32\powrprof.dll
0x00007ff840c80000 - 0x00007ff840cd2000 	C:\WINDOWS\System32\shlwapi.dll
0x00007ff83fbd0000 - 0x00007ff83fbdf000 	C:\WINDOWS\System32\kernel.appcore.dll
0x00007ff8406d0000 - 0x00007ff840779000 	C:\WINDOWS\System32\shcore.dll
0x00007ff83fba0000 - 0x00007ff83fbb4000 	C:\WINDOWS\System32\profapi.dll

VM Arguments:
jvm_args: -Djava.awt.headless=true -Xmx1024M -Dfile.encoding=windows-1252 -Duser.country=MX -Duser.language=es -Duser.variant 
java_command: com.android.dx.command.Main --dex --force-jumbo --num-threads=4 --multi-dex --output C:\Users\mm\Documents\GestorParqueos\app\build\intermediates\transforms\dex\debug\folders\1000\10\com.android.support-appcompat-v7-23.4.0_3eb676178e05416eab5aed9907f5efe70e3e70ad C:\Users\mm\Documents\GestorParqueos\app\build\intermediates\exploded-aar\com.android.support\appcompat-v7\23.4.0\jars\classes.jar
java_class_path (initial): C:\Users\mm\AppData\Local\Android\sdk\build-tools\24.0.3\lib\dx.jar
Launcher Type: SUN_STANDARD

Environment Variables:
JAVA_HOME=C:\Program Files\Java\jdk1.8.0_91
PATH=C:\ProgramData\Oracle\Java\javapath;C:\Program Files (x86)\Intel\iCLS Client\;C:\Program Files\Intel\iCLS Client\;C:\WINDOWS\system32;C:\WINDOWS;C:\WINDOWS\System32\Wbem;C:\WINDOWS\System32\WindowsPowerShell\v1.0\;C:\Program Files (x86)\Windows Live\Shared;C:\Program Files\Intel\Intel(R) Management Engine Components\DAL;C:\Program Files\Intel\Intel(R) Management Engine Components\IPT;C:\Program Files (x86)\Intel\Intel(R) Management Engine Components\DAL;C:\Program Files (x86)\Intel\Intel(R) Management Engine Components\IPT;C:\Program Files (x86)\Intel\OpenCL SDK\2.0\bin\x86;C:\Program Files (x86)\Intel\OpenCL SDK\2.0\bin\x64;C:\Program Files\Intel\WiFi\bin\;C:\Program Files\Common Files\Intel\WirelessCommon\;c:\Program Files (x86)\Microsoft SQL Server\100\Tools\Binn\VSShell\Common7\IDE\;c:\Program Files (x86)\Microsoft SQL Server\100\Tools\Binn\;c:\Program Files (x86)\Microsoft SQL Server\100\DTS\Binn\;C:\Program Files\Microsoft SQL Server\110\Tools\Binn\;C:\Program Files (x86)\Microsoft SDKs\TypeScript\1.0\;C:\Program Files\Microsoft SQL Server\120\Tools\Binn\;C:\MinGW\bin;C:\xampp\php;C:\ProgramData\ComposerSetup\bin;C:\WINDOWS\system32\config\systemprofile\.dnx\bin;C:\Program Files\Microsoft DNX\Dnvm\;C:\Program Files\Microsoft SQL Server\130\Tools\Binn\;C:\Program Files\Git\cmd;C:\Program Files (x86)\Skype\Phone\;C:\Program Files (x86)\Windows Kits\10\Windows Performance Toolkit\;C:\Program Files (x86)\nodejs\;C:\Users\mm\AppData\Roaming\Composer\vendor\binC:\Program Files (x86)\Java\jdk1.8.0_45;C:\Users\mm\AppData\Local\Microsoft\WindowsApps;C:\Users\mm\AppData\Roaming\npm
USERNAME=mm
OS=Windows_NT
PROCESSOR_IDENTIFIER=Intel64 Family 6 Model 58 Stepping 9, GenuineIntel



---------------  S Y S T E M  ---------------

OS: Windows 10.0 , 64 bit Build 14393 (10.0.14393.0)

CPU:total 4 (2 cores per cpu, 2 threads per core) family 6 model 58 stepping 9, cmov, cx8, fxsr, mmx, sse, sse2, sse3, ssse3, sse4.1, sse4.2, popcnt, avx, clmul, erms, ht, tsc, tscinvbit, tscinv

Memory: 4k page, physical 4081596k(318508k free), swap 8177596k(418580k free)

vm_info: Java HotSpot(TM) 64-Bit Server VM (25.91-b15) for windows-amd64 JRE (1.8.0_91-b15), built on May 20 2016 17:43:15 by "java_re" with MS VC++ 10.0 (VS2010)

time: Wed Dec 21 21:20:35 2016
elapsed time: 11 seconds (0d 0h 0m 11s)

