#
# There is insufficient memory for the Java Runtime Environment to continue.
# Native memory allocation (malloc) failed to allocate 32744 bytes for ChunkPool::allocate
# Possible reasons:
#   The system is out of physical RAM or swap space
#   In 32 bit mode, the process size limit was hit
# Possible solutions:
#   Reduce memory load on the system
#   Increase physical memory or swap space
#   Check if swap backing store is full
#   Use 64 bit Java on a 64 bit OS
#   Decrease Java heap size (-Xmx/-Xms)
#   Decrease number of Java threads
#   Decrease Java thread stack sizes (-Xss)
#   Set larger code cache with -XX:ReservedCodeCacheSize=
# This output file may be truncated or incomplete.
#
#  Out of Memory Error (allocation.cpp:273), pid=13252, tid=10988
#
# JRE version: Java(TM) SE Runtime Environment (8.0_91-b15) (build 1.8.0_91-b15)
# Java VM: Java HotSpot(TM) 64-Bit Server VM (25.91-b15 mixed mode windows-amd64 compressed oops)
# Failed to write core dump. Minidumps are not enabled by default on client versions of Windows
#

---------------  T H R E A D  ---------------

Current thread (0x00000000158f0800):  JavaThread "C2 CompilerThread1" daemon [_thread_in_native, id=10988, stack(0x0000000017010000,0x0000000017110000)]

Stack: [0x0000000017010000,0x0000000017110000]
[error occurred during error reporting (printing stack bounds), id 0xc0000005]

Native frames: (J=compiled Java code, j=interpreted, Vv=VM code, C=native code)


Current CompileTask:
C2:   7043 1253   !   4       com.android.dx.cf.code.BytecodeArray::parseInstruction (2764 bytes)


---------------  P R O C E S S  ---------------

Java Threads: ( => current thread )
  0x00000000173da000 JavaThread "pool-2-thread-4" [_thread_in_Java, id=7148, stack(0x0000000017c10000,0x0000000017d10000)]
  0x00000000173d7000 JavaThread "pool-2-thread-3" [_thread_blocked, id=4728, stack(0x0000000017b10000,0x0000000017c10000)]
  0x00000000173d6800 JavaThread "pool-2-thread-2" [_thread_in_Java, id=7184, stack(0x0000000017a10000,0x0000000017b10000)]
  0x0000000017357000 JavaThread "pool-3-thread-1" [_thread_blocked, id=14728, stack(0x0000000017910000,0x0000000017a10000)]
  0x0000000017397800 JavaThread "pool-2-thread-1" [_thread_in_Java, id=6052, stack(0x0000000017810000,0x0000000017910000)]
  0x0000000017116000 JavaThread "Service Thread" daemon [_thread_blocked, id=12760, stack(0x0000000017610000,0x0000000017710000)]
  0x0000000017110800 JavaThread "C1 CompilerThread2" daemon [_thread_blocked, id=7764, stack(0x0000000017510000,0x0000000017610000)]
=>0x00000000158f0800 JavaThread "C2 CompilerThread1" daemon [_thread_in_native, id=10988, stack(0x0000000017010000,0x0000000017110000)]
  0x000000001589d800 JavaThread "C2 CompilerThread0" daemon [_thread_in_native, id=3112, stack(0x0000000016f10000,0x0000000017010000)]
  0x000000001589b800 JavaThread "Attach Listener" daemon [_thread_blocked, id=4236, stack(0x0000000016e10000,0x0000000016f10000)]
  0x000000001589a000 JavaThread "Signal Dispatcher" daemon [_thread_blocked, id=10444, stack(0x0000000016d10000,0x0000000016e10000)]
  0x00000000031ca800 JavaThread "Finalizer" daemon [_thread_blocked, id=13280, stack(0x0000000016b00000,0x0000000016c00000)]
  0x0000000015869000 JavaThread "Reference Handler" daemon [_thread_blocked, id=12192, stack(0x0000000016a00000,0x0000000016b00000)]
  0x00000000016cd800 JavaThread "main" [_thread_in_Java, id=9104, stack(0x0000000002fd0000,0x00000000030d0000)]

Other Threads:
  0x0000000015867800 VMThread [stack: 0x0000000016900000,0x0000000016a00000] [id=8144]
  0x0000000017119800 WatcherThread [stack: 0x0000000017710000,0x0000000017810000] [id=9228]

VM state:not at safepoint (normal execution)

VM Mutex/Monitor currently owned by a thread: None

Heap:
 PSYoungGen      total 18944K, used 12415K [0x00000000eab00000, 0x00000000ed000000, 0x0000000100000000)
  eden space 16384K, 60% used [0x00000000eab00000,0x00000000eb4a1190,0x00000000ebb00000)
  from space 2560K, 99% used [0x00000000ebd80000,0x00000000ebffed50,0x00000000ec000000)
  to   space 2560K, 0% used [0x00000000ebb00000,0x00000000ebb00000,0x00000000ebd80000)
 ParOldGen       total 44032K, used 3762K [0x00000000c0000000, 0x00000000c2b00000, 0x00000000eab00000)
  object space 44032K, 8% used [0x00000000c0000000,0x00000000c03acb20,0x00000000c2b00000)
 Metaspace       used 6072K, capacity 6962K, committed 7040K, reserved 1056768K
  class space    used 603K, capacity 618K, committed 640K, reserved 1048576K

Card table byte_map: [0x0000000012590000,0x00000000127a0000] byte_map_base: 0x0000000011f90000

Marking Bits: (ParMarkBitMap*) 0x0000000072512f70
 Begin Bits: [0x0000000012d00000, 0x0000000013d00000)
 End Bits:   [0x0000000013d00000, 0x0000000014d00000)

Polling page: 0x0000000001390000

CodeCache: size=245760Kb used=5408Kb max_used=5421Kb free=240351Kb
 bounds [0x00000000031d0000, 0x0000000003720000, 0x00000000121d0000]
 total_blobs=1596 nmethods=1327 adapters=182
 compilation: enabled

Compilation events (10 events):
Event: 6.964 Thread 0x000000001589d800 nmethod 1270 0x000000000370fa50 code [0x000000000370fba0, 0x000000000370fc08]
Event: 6.964 Thread 0x000000001589d800 1325       4       com.android.dx.ssa.SsaInsn::<init> (29 bytes)
Event: 6.965 Thread 0x000000001589d800 nmethod 1325 0x000000000371a9d0 code [0x000000000371ab00, 0x000000000371ab98]
Event: 6.965 Thread 0x000000001589d800 1332       4       com.android.dx.util.LabeledList::set (45 bytes)
Event: 6.984 Thread 0x000000001589d800 nmethod 1332 0x000000000371d650 code [0x000000000371d7e0, 0x000000000371de88]
Event: 6.984 Thread 0x000000001589d800 1257       4       com.android.dx.util.FixedSizeList::hashCode (8 bytes)
Event: 6.991 Thread 0x000000001589d800 nmethod 1257 0x000000000371a3d0 code [0x000000000371a520, 0x000000000371a778]
Event: 6.991 Thread 0x000000001589d800 1265       4       com.android.dx.rop.cst.CstBaseMethodRef::compareTo0 (29 bytes)
Event: 7.007 Thread 0x000000001589d800 nmethod 1265 0x000000000371e550 code [0x000000000371e6e0, 0x000000000371ee78]
Event: 7.007 Thread 0x000000001589d800 1262       4       com.android.dx.ssa.SCCP::simulateStmt (481 bytes)

GC Heap History (4 events):
Event: 5.433 GC heap before
{Heap before GC invocations=1 (full 0):
 PSYoungGen      total 18944K, used 16384K [0x00000000eab00000, 0x00000000ec000000, 0x0000000100000000)
  eden space 16384K, 100% used [0x00000000eab00000,0x00000000ebb00000,0x00000000ebb00000)
  from space 2560K, 0% used [0x00000000ebd80000,0x00000000ebd80000,0x00000000ec000000)
  to   space 2560K, 0% used [0x00000000ebb00000,0x00000000ebb00000,0x00000000ebd80000)
 ParOldGen       total 44032K, used 0K [0x00000000c0000000, 0x00000000c2b00000, 0x00000000eab00000)
  object space 44032K, 0% used [0x00000000c0000000,0x00000000c0000000,0x00000000c2b00000)
 Metaspace       used 5774K, capacity 6768K, committed 7040K, reserved 1056768K
  class space    used 598K, capacity 616K, committed 640K, reserved 1048576K
Event: 5.751 GC heap after
Heap after GC invocations=1 (full 0):
 PSYoungGen      total 18944K, used 2554K [0x00000000eab00000, 0x00000000ec000000, 0x0000000100000000)
  eden space 16384K, 0% used [0x00000000eab00000,0x00000000eab00000,0x00000000ebb00000)
  from space 2560K, 99% used [0x00000000ebb00000,0x00000000ebd7eab8,0x00000000ebd80000)
  to   space 2560K, 0% used [0x00000000ebd80000,0x00000000ebd80000,0x00000000ec000000)
 ParOldGen       total 44032K, used 1438K [0x00000000c0000000, 0x00000000c2b00000, 0x00000000eab00000)
  object space 44032K, 3% used [0x00000000c0000000,0x00000000c01679a0,0x00000000c2b00000)
 Metaspace       used 5774K, capacity 6768K, committed 7040K, reserved 1056768K
  class space    used 598K, capacity 616K, committed 640K, reserved 1048576K
}
Event: 6.798 GC heap before
{Heap before GC invocations=2 (full 0):
 PSYoungGen      total 18944K, used 18938K [0x00000000eab00000, 0x00000000ec000000, 0x0000000100000000)
  eden space 16384K, 100% used [0x00000000eab00000,0x00000000ebb00000,0x00000000ebb00000)
  from space 2560K, 99% used [0x00000000ebb00000,0x00000000ebd7eab8,0x00000000ebd80000)
  to   space 2560K, 0% used [0x00000000ebd80000,0x00000000ebd80000,0x00000000ec000000)
 ParOldGen       total 44032K, used 1438K [0x00000000c0000000, 0x00000000c2b00000, 0x00000000eab00000)
  object space 44032K, 3% used [0x00000000c0000000,0x00000000c01679a0,0x00000000c2b00000)
 Metaspace       used 6032K, capacity 6960K, committed 7040K, reserved 1056768K
  class space    used 602K, capacity 616K, committed 640K, reserved 1048576K
Event: 6.819 GC heap after
Heap after GC invocations=2 (full 0):
 PSYoungGen      total 18944K, used 2555K [0x00000000eab00000, 0x00000000ed000000, 0x0000000100000000)
  eden space 16384K, 0% used [0x00000000eab00000,0x00000000eab00000,0x00000000ebb00000)
  from space 2560K, 99% used [0x00000000ebd80000,0x00000000ebffed50,0x00000000ec000000)
  to   space 2560K, 0% used [0x00000000ebb00000,0x00000000ebb00000,0x00000000ebd80000)
 ParOldGen       total 44032K, used 3762K [0x00000000c0000000, 0x00000000c2b00000, 0x00000000eab00000)
  object space 44032K, 8% used [0x00000000c0000000,0x00000000c03acb20,0x00000000c2b00000)
 Metaspace       used 6032K, capacity 6960K, committed 7040K, reserved 1056768K
  class space    used 602K, capacity 616K, committed 640K, reserved 1048576K
}

Deoptimization events (10 events):
Event: 6.428 Thread 0x00000000016cd800 Uncommon trap: reason=unstable_if action=reinterpret pc=0x0000000003532184 method=com.android.dx.rop.code.RegisterSpec.equals(ILcom/android/dx/rop/type/TypeBearer;Lcom/android/dx/rop/code/LocalItem;)Z @ 16
Event: 6.430 Thread 0x00000000016cd800 Uncommon trap: reason=unstable_if action=reinterpret pc=0x00000000034ad328 method=com.android.dx.rop.code.RegisterSpec.equals(ILcom/android/dx/rop/type/TypeBearer;Lcom/android/dx/rop/code/LocalItem;)Z @ 16
Event: 6.704 Thread 0x00000000173da000 Uncommon trap: reason=bimorphic action=maybe_recompile pc=0x000000000360380c method=java.util.HashMap.putVal(ILjava/lang/Object;Ljava/lang/Object;ZZ)Ljava/lang/Object; @ 91
Event: 6.725 Thread 0x00000000173da000 Uncommon trap: reason=null_check action=make_not_entrant pc=0x000000000362db20 method=com.android.dx.rop.type.Type.equals(Ljava/lang/Object;)Z @ 8
Event: 6.745 Thread 0x00000000016cd800 Uncommon trap: reason=unstable_if action=reinterpret pc=0x000000000350081c method=com.android.dx.rop.cst.Constant.compareTo(Lcom/android/dx/rop/cst/Constant;)I @ 12
Event: 6.836 Thread 0x00000000173d7000 Uncommon trap: reason=null_check action=make_not_entrant pc=0x0000000003510590 method=com.android.dx.ssa.SsaRenamer.getLocalForNewReg(I)Lcom/android/dx/rop/code/LocalItem; @ 19
Event: 6.891 Thread 0x00000000016cd800 Uncommon trap: reason=bimorphic action=maybe_recompile pc=0x00000000035fb03c method=java.util.HashMap.putVal(ILjava/lang/Object;Ljava/lang/Object;ZZ)Ljava/lang/Object; @ 91
Event: 6.891 Thread 0x00000000016cd800 Uncommon trap: reason=bimorphic action=maybe_recompile pc=0x00000000035fb03c method=java.util.HashMap.putVal(ILjava/lang/Object;Ljava/lang/Object;ZZ)Ljava/lang/Object; @ 91
Event: 6.891 Thread 0x00000000016cd800 Uncommon trap: reason=bimorphic action=maybe_recompile pc=0x00000000035fb03c method=java.util.HashMap.putVal(ILjava/lang/Object;Ljava/lang/Object;ZZ)Ljava/lang/Object; @ 91
Event: 6.899 Thread 0x00000000016cd800 Uncommon trap: reason=unstable_if action=reinterpret pc=0x00000000036ab2f8 method=com.android.dx.cf.code.Ropper.labelToResultIndex(I)I @ 34

Internal exceptions (4 events):
Event: 0.119 Thread 0x00000000016cd800 Exception <a 'java/lang/NoSuchMethodError': Method sun.misc.Unsafe.defineClass(Ljava/lang/String;[BII)Ljava/lang/Class; name or signature does not match> (0x00000000eab07cc0) thrown at [C:\re\workspace\8-2-build-windows-amd64-cygwin\jdk8u91\7017\hotspot\srŠU¦Îyh¾?
Event: 0.119 Thread 0x00000000016cd800 Exception <a 'java/lang/NoSuchMethodError': Method sun.misc.Unsafe.prefetchRead(Ljava/lang/Object;J)V name or signature does not match> (0x00000000eab07fa8) thrown at [C:\re\workspace\8-2-build-windows-amd64-cygwin\jdk8u91\7017\hotspot\src\share\vm\prims\jQY»žnæ@
Event: 6.725 Thread 0x00000000173da000 Implicit null exception at 0x000000000362da22 to 0x000000000362db12
Event: 6.836 Thread 0x00000000173d7000 Implicit null exception at 0x000000000350ecf2 to 0x0000000003510549

Events (10 events):
Event: 6.891 Thread 0x00000000016cd800 DEOPT UNPACKING pc=0x000000000321582a sp=0x00000000030ce3b8 mode 2
Event: 6.897 loading class com/android/dx/cf/code/Ropper$ExceptionHandlerSetup
Event: 6.897 loading class com/android/dx/cf/code/Ropper$ExceptionHandlerSetup done
Event: 6.899 loading class java/util/HashMap$Values
Event: 6.899 loading class java/util/HashMap$Values done
Event: 6.899 loading class java/util/HashMap$ValueIterator
Event: 6.899 loading class java/util/HashMap$ValueIterator done
Event: 6.899 Thread 0x00000000016cd800 Uncommon trap: trap_request=0xffffff65 fr.pc=0x00000000036ab2f8
Event: 6.899 Thread 0x00000000016cd800 DEOPT PACKING pc=0x00000000036ab2f8 sp=0x00000000030ce590
Event: 6.899 Thread 0x00000000016cd800 DEOPT UNPACKING pc=0x000000000321582a sp=0x00000000030ce538 mode 2


Dynamic libraries:
0x00007ff6784a0000 - 0x00007ff6784d7000 	C:\Program Files\Java\jdk1.8.0_91\bin\java.exe
0x00007ff8436f0000 - 0x00007ff8438c1000 	C:\WINDOWS\SYSTEM32\ntdll.dll
0x00007ff8428b0000 - 0x00007ff84295b000 	C:\WINDOWS\System32\KERNEL32.DLL
0x00007ff8402c0000 - 0x00007ff8404dd000 	C:\WINDOWS\System32\KERNELBASE.dll
0x00007ff8435d0000 - 0x00007ff843672000 	C:\WINDOWS\System32\ADVAPI32.dll
0x00007ff842290000 - 0x00007ff84232e000 	C:\WINDOWS\System32\msvcrt.dll
0x00007ff843690000 - 0x00007ff8436e9000 	C:\WINDOWS\System32\sechost.dll
0x00007ff842e40000 - 0x00007ff842f61000 	C:\WINDOWS\System32\RPCRT4.dll
0x00007ff8424e0000 - 0x00007ff842645000 	C:\WINDOWS\System32\USER32.dll
0x00007ff8409d0000 - 0x00007ff8409ee000 	C:\WINDOWS\System32\win32u.dll
0x00007ff843420000 - 0x00007ff843454000 	C:\WINDOWS\System32\GDI32.dll
0x00007ff8404e0000 - 0x00007ff840662000 	C:\WINDOWS\System32\gdi32full.dll
0x00007ff838f00000 - 0x00007ff839179000 	C:\WINDOWS\WinSxS\amd64_microsoft.windows.common-controls_6595b64144ccf1df_6.0.14393.447_none_42191651c6827bb3\COMCTL32.dll
0x00007ff842960000 - 0x00007ff842c28000 	C:\WINDOWS\System32\combase.dll
0x00007ff840830000 - 0x00007ff840925000 	C:\WINDOWS\System32\ucrtbase.dll
0x00007ff840bc0000 - 0x00007ff840c2a000 	C:\WINDOWS\System32\bcryptPrimitives.dll
0x00007ff842e10000 - 0x00007ff842e3e000 	C:\WINDOWS\System32\IMM32.DLL
0x00000000716a0000 - 0x0000000071772000 	C:\Program Files\Java\jdk1.8.0_91\jre\bin\msvcr100.dll
0x0000000071d00000 - 0x0000000072593000 	C:\Program Files\Java\jdk1.8.0_91\jre\bin\server\jvm.dll
0x00007ff842da0000 - 0x00007ff842da8000 	C:\WINDOWS\System32\PSAPI.DLL
0x00007ff8365a0000 - 0x00007ff8365a9000 	C:\WINDOWS\SYSTEM32\WSOCK32.dll
0x00007ff843460000 - 0x00007ff8434ca000 	C:\WINDOWS\System32\WS2_32.dll
0x00007ff83e010000 - 0x00007ff83e033000 	C:\WINDOWS\SYSTEM32\WINMM.dll
0x00007ff831820000 - 0x00007ff83182a000 	C:\WINDOWS\SYSTEM32\VERSION.dll
0x00007ff83dfb0000 - 0x00007ff83dfdb000 	C:\WINDOWS\SYSTEM32\WINMMBASE.dll
0x00007ff840c30000 - 0x00007ff840c72000 	C:\WINDOWS\System32\cfgmgr32.dll
0x00000000729c0000 - 0x00000000729cf000 	C:\Program Files\Java\jdk1.8.0_91\jre\bin\verify.dll
0x0000000072640000 - 0x0000000072669000 	C:\Program Files\Java\jdk1.8.0_91\jre\bin\java.dll
0x0000000072620000 - 0x0000000072636000 	C:\Program Files\Java\jdk1.8.0_91\jre\bin\zip.dll
0x00007ff840ce0000 - 0x00007ff8421e9000 	C:\WINDOWS\System32\SHELL32.dll
0x00007ff83fbe0000 - 0x00007ff8402ba000 	C:\WINDOWS\System32\windows.storage.dll
0x00007ff83fb50000 - 0x00007ff83fb9c000 	C:\WINDOWS\System32\powrprof.dll
0x00007ff840c80000 - 0x00007ff840cd2000 	C:\WINDOWS\System32\shlwapi.dll
0x00007ff83fbd0000 - 0x00007ff83fbdf000 	C:\WINDOWS\System32\kernel.appcore.dll
0x00007ff8406d0000 - 0x00007ff840779000 	C:\WINDOWS\System32\shcore.dll
0x00007ff83fba0000 - 0x00007ff83fbb4000 	C:\WINDOWS\System32\profapi.dll

VM Arguments:
jvm_args: -Djava.awt.headless=true -Xmx1024M -Dfile.encoding=windows-1252 -Duser.country=MX -Duser.language=es -Duser.variant 
java_command: com.android.dx.command.Main --dex --force-jumbo --num-threads=4 --multi-dex --output C:\Users\mm\Documents\GestorParqueos\app\build\intermediates\transforms\dex\debug\folders\1000\10\com.android.support-design-23.4.0_2d5df0af76f58318746c8e81d96e10bb428d28f7 C:\Users\mm\Documents\GestorParqueos\app\build\intermediates\exploded-aar\com.android.support\design\23.4.0\jars\classes.jar
java_class_path (initial): C:\Users\mm\AppData\Local\Android\sdk\build-tools\24.0.3\lib\dx.jar
Launcher Type: SUN_STANDARD

Environment Variables:
JAVA_HOME=C:\Program Files\Java\jdk1.8.0_91
PATH=C:\ProgramData\Oracle\Java\javapath;C:\Program Files (x86)\Intel\iCLS Client\;C:\Program Files\Intel\iCLS Client\;C:\WINDOWS\system32;C:\WINDOWS;C:\WINDOWS\System32\Wbem;C:\WINDOWS\System32\WindowsPowerShell\v1.0\;C:\Program Files (x86)\Windows Live\Shared;C:\Program Files\Intel\Intel(R) Management Engine Components\DAL;C:\Program Files\Intel\Intel(R) Management Engine Components\IPT;C:\Program Files (x86)\Intel\Intel(R) Management Engine Components\DAL;C:\Program Files (x86)\Intel\Intel(R) Management Engine Components\IPT;C:\Program Files (x86)\Intel\OpenCL SDK\2.0\bin\x86;C:\Program Files (x86)\Intel\OpenCL SDK\2.0\bin\x64;C:\Program Files\Intel\WiFi\bin\;C:\Program Files\Common Files\Intel\WirelessCommon\;c:\Program Files (x86)\Microsoft SQL Server\100\Tools\Binn\VSShell\Common7\IDE\;c:\Program Files (x86)\Microsoft SQL Server\100\Tools\Binn\;c:\Program Files (x86)\Microsoft SQL Server\100\DTS\Binn\;C:\Program Files\Microsoft SQL Server\110\Tools\Binn\;C:\Program Files (x86)\Microsoft SDKs\TypeScript\1.0\;C:\Program Files\Microsoft SQL Server\120\Tools\Binn\;C:\MinGW\bin;C:\xampp\php;C:\ProgramData\ComposerSetup\bin;C:\WINDOWS\system32\config\systemprofile\.dnx\bin;C:\Program Files\Microsoft DNX\Dnvm\;C:\Program Files\Microsoft SQL Server\130\Tools\Binn\;C:\Program Files\Git\cmd;C:\Program Files (x86)\Skype\Phone\;C:\Program Files (x86)\Windows Kits\10\Windows Performance Toolkit\;C:\Program Files (x86)\nodejs\;C:\Users\mm\AppData\Roaming\Composer\vendor\binC:\Program Files (x86)\Java\jdk1.8.0_45;C:\Users\mm\AppData\Local\Microsoft\WindowsApps;C:\Users\mm\AppData\Roaming\npm
USERNAME=mm
OS=Windows_NT
PROCESSOR_IDENTIFIER=Intel64 Family 6 Model 58 Stepping 9, GenuineIntel



---------------  S Y S T E M  ---------------

OS: Windows 10.0 , 64 bit Build 14393 (10.0.14393.0)

CPU:total 4 (2 cores per cpu, 2 threads per core) family 6 model 58 stepping 9, cmov, cx8, fxsr, mmx, sse, sse2, sse3, ssse3, sse4.1, sse4.2, popcnt, avx, clmul, erms, ht, tsc, tscinvbit, tscinv

Memory: 4k page, physical 4081596k(199396k free), swap 8177596k(300k free)

vm_info: Java HotSpot(TM) 64-Bit Server VM (25.91-b15) for windows-amd64 JRE (1.8.0_91-b15), built on May 20 2016 17:43:15 by "java_re" with MS VC++ 10.0 (VS2010)

time: Wed Dec 21 21:20:34 2016
elapsed time: 7 seconds (0d 0h 0m 7s)

